{"C:\\Users\\NAgrar01\\Projects\\react\\command_center_web\\src\\assets\\icons\\icons.tsx": {"path":"C:\\Users\\NAgrar01\\Projects\\react\\command_center_web\\src\\assets\\icons\\icons.tsx","statementMap":{"0":{"start":{"line":1,"column":30},"end":{"line":19,"column":1}},"1":{"start":{"line":2,"column":4},"end":{"line":18,"column":6}},"2":{"start":{"line":1,"column":13},"end":{"line":1,"column":30}},"3":{"start":{"line":21,"column":43},"end":{"line":48,"column":1}},"4":{"start":{"line":22,"column":4},"end":{"line":47,"column":6}},"5":{"start":{"line":21,"column":13},"end":{"line":21,"column":43}},"6":{"start":{"line":50,"column":47},"end":{"line":90,"column":1}},"7":{"start":{"line":51,"column":4},"end":{"line":89,"column":6}},"8":{"start":{"line":50,"column":13},"end":{"line":50,"column":47}},"9":{"start":{"line":92,"column":49},"end":{"line":126,"column":1}},"10":{"start":{"line":93,"column":4},"end":{"line":125,"column":6}},"11":{"start":{"line":92,"column":13},"end":{"line":92,"column":49}},"12":{"start":{"line":128,"column":26},"end":{"line":143,"column":1}},"13":{"start":{"line":129,"column":4},"end":{"line":142,"column":6}},"14":{"start":{"line":128,"column":13},"end":{"line":128,"column":26}},"15":{"start":{"line":145,"column":28},"end":{"line":162,"column":1}},"16":{"start":{"line":146,"column":4},"end":{"line":161,"column":6}},"17":{"start":{"line":145,"column":13},"end":{"line":145,"column":28}},"18":{"start":{"line":164,"column":37},"end":{"line":181,"column":1}},"19":{"start":{"line":165,"column":4},"end":{"line":180,"column":6}},"20":{"start":{"line":164,"column":13},"end":{"line":164,"column":37}},"21":{"start":{"line":183,"column":24},"end":{"line":208,"column":1}},"22":{"start":{"line":184,"column":4},"end":{"line":207,"column":6}},"23":{"start":{"line":183,"column":13},"end":{"line":183,"column":24}},"24":{"start":{"line":210,"column":31},"end":{"line":237,"column":1}},"25":{"start":{"line":211,"column":4},"end":{"line":236,"column":6}},"26":{"start":{"line":210,"column":13},"end":{"line":210,"column":31}},"27":{"start":{"line":239,"column":29},"end":{"line":255,"column":1}},"28":{"start":{"line":240,"column":4},"end":{"line":254,"column":6}},"29":{"start":{"line":239,"column":13},"end":{"line":239,"column":29}},"30":{"start":{"line":257,"column":40},"end":{"line":298,"column":1}},"31":{"start":{"line":258,"column":4},"end":{"line":297,"column":6}},"32":{"start":{"line":257,"column":13},"end":{"line":257,"column":40}},"33":{"start":{"line":300,"column":34},"end":{"line":331,"column":1}},"34":{"start":{"line":301,"column":4},"end":{"line":330,"column":6}},"35":{"start":{"line":300,"column":13},"end":{"line":300,"column":34}},"36":{"start":{"line":333,"column":41},"end":{"line":375,"column":1}},"37":{"start":{"line":334,"column":4},"end":{"line":374,"column":6}},"38":{"start":{"line":333,"column":13},"end":{"line":333,"column":41}},"39":{"start":{"line":377,"column":37},"end":{"line":408,"column":1}},"40":{"start":{"line":378,"column":4},"end":{"line":407,"column":6}},"41":{"start":{"line":377,"column":13},"end":{"line":377,"column":37}},"42":{"start":{"line":410,"column":38},"end":{"line":437,"column":1}},"43":{"start":{"line":411,"column":4},"end":{"line":436,"column":6}},"44":{"start":{"line":410,"column":13},"end":{"line":410,"column":38}},"45":{"start":{"line":439,"column":50},"end":{"line":483,"column":1}},"46":{"start":{"line":440,"column":4},"end":{"line":482,"column":6}},"47":{"start":{"line":439,"column":13},"end":{"line":439,"column":50}},"48":{"start":{"line":485,"column":35},"end":{"line":524,"column":1}},"49":{"start":{"line":486,"column":4},"end":{"line":523,"column":6}},"50":{"start":{"line":485,"column":13},"end":{"line":485,"column":35}},"51":{"start":{"line":526,"column":33},"end":{"line":565,"column":1}},"52":{"start":{"line":527,"column":4},"end":{"line":564,"column":6}},"53":{"start":{"line":526,"column":13},"end":{"line":526,"column":33}},"54":{"start":{"line":567,"column":23},"end":{"line":598,"column":1}},"55":{"start":{"line":568,"column":4},"end":{"line":597,"column":6}},"56":{"start":{"line":567,"column":13},"end":{"line":567,"column":23}},"57":{"start":{"line":600,"column":33},"end":{"line":635,"column":1}},"58":{"start":{"line":601,"column":4},"end":{"line":634,"column":6}},"59":{"start":{"line":600,"column":13},"end":{"line":600,"column":33}},"60":{"start":{"line":637,"column":29},"end":{"line":654,"column":1}},"61":{"start":{"line":638,"column":4},"end":{"line":653,"column":6}},"62":{"start":{"line":637,"column":13},"end":{"line":637,"column":29}}},"fnMap":{"0":{"name":"(anonymous_0)","decl":{"start":{"line":1,"column":30},"end":{"line":1,"column":33}},"loc":{"start":{"line":1,"column":35},"end":{"line":19,"column":1}}},"1":{"name":"(anonymous_1)","decl":{"start":{"line":21,"column":43},"end":{"line":21,"column":46}},"loc":{"start":{"line":21,"column":48},"end":{"line":48,"column":1}}},"2":{"name":"(anonymous_2)","decl":{"start":{"line":50,"column":47},"end":{"line":50,"column":50}},"loc":{"start":{"line":50,"column":52},"end":{"line":90,"column":1}}},"3":{"name":"(anonymous_3)","decl":{"start":{"line":92,"column":49},"end":{"line":92,"column":52}},"loc":{"start":{"line":92,"column":54},"end":{"line":126,"column":1}}},"4":{"name":"(anonymous_4)","decl":{"start":{"line":128,"column":26},"end":{"line":128,"column":29}},"loc":{"start":{"line":128,"column":31},"end":{"line":143,"column":1}}},"5":{"name":"(anonymous_5)","decl":{"start":{"line":145,"column":28},"end":{"line":145,"column":31}},"loc":{"start":{"line":145,"column":33},"end":{"line":162,"column":1}}},"6":{"name":"(anonymous_6)","decl":{"start":{"line":164,"column":37},"end":{"line":164,"column":40}},"loc":{"start":{"line":164,"column":42},"end":{"line":181,"column":1}}},"7":{"name":"(anonymous_7)","decl":{"start":{"line":183,"column":24},"end":{"line":183,"column":27}},"loc":{"start":{"line":183,"column":29},"end":{"line":208,"column":1}}},"8":{"name":"(anonymous_8)","decl":{"start":{"line":210,"column":31},"end":{"line":210,"column":34}},"loc":{"start":{"line":210,"column":36},"end":{"line":237,"column":1}}},"9":{"name":"(anonymous_9)","decl":{"start":{"line":239,"column":29},"end":{"line":239,"column":32}},"loc":{"start":{"line":239,"column":34},"end":{"line":255,"column":1}}},"10":{"name":"(anonymous_10)","decl":{"start":{"line":257,"column":40},"end":{"line":257,"column":43}},"loc":{"start":{"line":257,"column":45},"end":{"line":298,"column":1}}},"11":{"name":"(anonymous_11)","decl":{"start":{"line":300,"column":34},"end":{"line":300,"column":37}},"loc":{"start":{"line":300,"column":39},"end":{"line":331,"column":1}}},"12":{"name":"(anonymous_12)","decl":{"start":{"line":333,"column":41},"end":{"line":333,"column":44}},"loc":{"start":{"line":333,"column":46},"end":{"line":375,"column":1}}},"13":{"name":"(anonymous_13)","decl":{"start":{"line":377,"column":37},"end":{"line":377,"column":40}},"loc":{"start":{"line":377,"column":42},"end":{"line":408,"column":1}}},"14":{"name":"(anonymous_14)","decl":{"start":{"line":410,"column":38},"end":{"line":410,"column":41}},"loc":{"start":{"line":410,"column":43},"end":{"line":437,"column":1}}},"15":{"name":"(anonymous_15)","decl":{"start":{"line":439,"column":50},"end":{"line":439,"column":53}},"loc":{"start":{"line":439,"column":55},"end":{"line":483,"column":1}}},"16":{"name":"(anonymous_16)","decl":{"start":{"line":485,"column":35},"end":{"line":485,"column":38}},"loc":{"start":{"line":485,"column":40},"end":{"line":524,"column":1}}},"17":{"name":"(anonymous_17)","decl":{"start":{"line":526,"column":33},"end":{"line":526,"column":36}},"loc":{"start":{"line":526,"column":38},"end":{"line":565,"column":1}}},"18":{"name":"(anonymous_18)","decl":{"start":{"line":567,"column":23},"end":{"line":567,"column":26}},"loc":{"start":{"line":567,"column":28},"end":{"line":598,"column":1}}},"19":{"name":"(anonymous_19)","decl":{"start":{"line":600,"column":33},"end":{"line":600,"column":36}},"loc":{"start":{"line":600,"column":38},"end":{"line":635,"column":1}}},"20":{"name":"(anonymous_20)","decl":{"start":{"line":637,"column":29},"end":{"line":637,"column":30}},"loc":{"start":{"line":637,"column":57},"end":{"line":654,"column":1}}}},"branchMap":{"0":{"loc":{"start":{"line":637,"column":30},"end":{"line":637,"column":40}},"type":"default-arg","locations":[{"start":{"line":637,"column":38},"end":{"line":637,"column":40}}]},"1":{"loc":{"start":{"line":637,"column":42},"end":{"line":637,"column":53}},"type":"default-arg","locations":[{"start":{"line":637,"column":51},"end":{"line":637,"column":53}}]}},"s":{"0":1,"1":0,"2":1,"3":1,"4":0,"5":1,"6":1,"7":0,"8":1,"9":1,"10":0,"11":1,"12":1,"13":0,"14":1,"15":1,"16":0,"17":1,"18":1,"19":0,"20":1,"21":1,"22":0,"23":1,"24":1,"25":0,"26":1,"27":1,"28":0,"29":1,"30":1,"31":0,"32":1,"33":1,"34":0,"35":1,"36":1,"37":0,"38":1,"39":1,"40":0,"41":1,"42":1,"43":0,"44":1,"45":1,"46":0,"47":1,"48":1,"49":0,"50":1,"51":1,"52":0,"53":1,"54":1,"55":0,"56":1,"57":1,"58":0,"59":1,"60":1,"61":0,"62":1},"f":{"0":0,"1":0,"2":0,"3":0,"4":0,"5":0,"6":0,"7":0,"8":0,"9":0,"10":0,"11":0,"12":0,"13":0,"14":0,"15":0,"16":0,"17":0,"18":0,"19":0,"20":0},"b":{"0":[0],"1":[0]}}
,"C:\\Users\\NAgrar01\\Projects\\react\\command_center_web\\src\\assets\\images\\images.tsx": {"path":"C:\\Users\\NAgrar01\\Projects\\react\\command_center_web\\src\\assets\\images\\images.tsx","statementMap":{"0":{"start":{"line":1,"column":37},"end":{"line":290,"column":1}},"1":{"start":{"line":2,"column":4},"end":{"line":289,"column":6}},"2":{"start":{"line":1,"column":13},"end":{"line":1,"column":37}},"3":{"start":{"line":292,"column":32},"end":{"line":503,"column":1}},"4":{"start":{"line":293,"column":4},"end":{"line":502,"column":6}},"5":{"start":{"line":292,"column":13},"end":{"line":292,"column":32}},"6":{"start":{"line":505,"column":29},"end":{"line":544,"column":1}},"7":{"start":{"line":506,"column":4},"end":{"line":543,"column":6}},"8":{"start":{"line":505,"column":13},"end":{"line":505,"column":29}},"9":{"start":{"line":546,"column":46},"end":{"line":708,"column":1}},"10":{"start":{"line":547,"column":4},"end":{"line":707,"column":6}},"11":{"start":{"line":546,"column":13},"end":{"line":546,"column":46}},"12":{"start":{"line":710,"column":26},"end":{"line":864,"column":1}},"13":{"start":{"line":711,"column":4},"end":{"line":863,"column":null}},"14":{"start":{"line":710,"column":13},"end":{"line":710,"column":26}},"15":{"start":{"line":866,"column":40},"end":{"line":905,"column":1}},"16":{"start":{"line":867,"column":4},"end":{"line":904,"column":null}},"17":{"start":{"line":866,"column":13},"end":{"line":866,"column":40}}},"fnMap":{"0":{"name":"(anonymous_0)","decl":{"start":{"line":1,"column":37},"end":{"line":1,"column":40}},"loc":{"start":{"line":1,"column":42},"end":{"line":290,"column":1}}},"1":{"name":"(anonymous_1)","decl":{"start":{"line":292,"column":32},"end":{"line":292,"column":35}},"loc":{"start":{"line":292,"column":37},"end":{"line":503,"column":1}}},"2":{"name":"(anonymous_2)","decl":{"start":{"line":505,"column":29},"end":{"line":505,"column":32}},"loc":{"start":{"line":505,"column":34},"end":{"line":544,"column":1}}},"3":{"name":"(anonymous_3)","decl":{"start":{"line":546,"column":46},"end":{"line":546,"column":49}},"loc":{"start":{"line":546,"column":51},"end":{"line":708,"column":1}}},"4":{"name":"(anonymous_4)","decl":{"start":{"line":710,"column":26},"end":{"line":710,"column":29}},"loc":{"start":{"line":710,"column":31},"end":{"line":864,"column":1}}},"5":{"name":"(anonymous_5)","decl":{"start":{"line":866,"column":40},"end":{"line":866,"column":43}},"loc":{"start":{"line":866,"column":45},"end":{"line":905,"column":1}}}},"branchMap":{},"s":{"0":1,"1":0,"2":1,"3":1,"4":0,"5":1,"6":1,"7":0,"8":1,"9":1,"10":0,"11":1,"12":1,"13":0,"14":1,"15":1,"16":0,"17":1},"f":{"0":0,"1":0,"2":0,"3":0,"4":0,"5":0},"b":{}}
,"C:\\Users\\NAgrar01\\Projects\\react\\command_center_web\\src\\components\\atoms\\index.ts": {"path":"C:\\Users\\NAgrar01\\Projects\\react\\command_center_web\\src\\components\\atoms\\index.ts","statementMap":{"0":{"start":{"line":1,"column":0},"end":{"line":1,"column":7}},"1":{"start":{"line":5,"column":9},"end":{"line":1,"column":34}},"2":{"start":{"line":2,"column":0},"end":{"line":2,"column":7}},"3":{"start":{"line":5,"column":16},"end":{"line":2,"column":31}},"4":{"start":{"line":3,"column":0},"end":{"line":3,"column":7}},"5":{"start":{"line":5,"column":22},"end":{"line":3,"column":50}}},"fnMap":{},"branchMap":{},"s":{"0":1,"1":1,"2":1,"3":1,"4":1,"5":1},"f":{},"b":{}}
,"C:\\Users\\NAgrar01\\Projects\\react\\command_center_web\\src\\components\\atoms\\card\\Card.tsx": {"path":"C:\\Users\\NAgrar01\\Projects\\react\\command_center_web\\src\\components\\atoms\\card\\Card.tsx","statementMap":{"0":{"start":{"line":1,"column":0},"end":{"line":1,"column":40}},"1":{"start":{"line":11,"column":4},"end":{"line":17,"column":6}},"2":{"start":{"line":20,"column":0},"end":{"line":20,"column":20}}},"fnMap":{"0":{"name":"Card","decl":{"start":{"line":10,"column":9},"end":{"line":10,"column":13}},"loc":{"start":{"line":10,"column":68},"end":{"line":18,"column":1}}}},"branchMap":{"0":{"loc":{"start":{"line":14,"column":13},"end":{"line":14,"column":80}},"type":"cond-expr","locations":[{"start":{"line":14,"column":21},"end":{"line":14,"column":72}},{"start":{"line":14,"column":75},"end":{"line":14,"column":80}}]}},"s":{"0":1,"1":0,"2":1},"f":{"0":0},"b":{"0":[0,0]}}
,"C:\\Users\\NAgrar01\\Projects\\react\\command_center_web\\src\\components\\atoms\\label\\Label.tsx": {"path":"C:\\Users\\NAgrar01\\Projects\\react\\command_center_web\\src\\components\\atoms\\label\\Label.tsx","statementMap":{"0":{"start":{"line":1,"column":0},"end":{"line":1,"column":41}},"1":{"start":{"line":4,"column":4},"end":{"line":4,"column":58}},"2":{"start":{"line":7,"column":0},"end":{"line":7,"column":21}}},"fnMap":{"0":{"name":"Label","decl":{"start":{"line":3,"column":9},"end":{"line":3,"column":14}},"loc":{"start":{"line":3,"column":54},"end":{"line":5,"column":1}}}},"branchMap":{},"s":{"0":1,"1":0,"2":1},"f":{"0":0},"b":{}}
,"C:\\Users\\NAgrar01\\Projects\\react\\command_center_web\\src\\components\\atoms\\text-button\\TextButton.tsx": {"path":"C:\\Users\\NAgrar01\\Projects\\react\\command_center_web\\src\\components\\atoms\\text-button\\TextButton.tsx","statementMap":{"0":{"start":{"line":1,"column":0},"end":{"line":1,"column":46}},"1":{"start":{"line":8,"column":4},"end":{"line":12,"column":6}},"2":{"start":{"line":15,"column":0},"end":{"line":15,"column":26}}},"fnMap":{"0":{"name":"TextButton","decl":{"start":{"line":7,"column":9},"end":{"line":7,"column":19}},"loc":{"start":{"line":7,"column":69},"end":{"line":13,"column":1}}}},"branchMap":{},"s":{"0":1,"1":0,"2":1},"f":{"0":0},"b":{}}
,"C:\\Users\\NAgrar01\\Projects\\react\\command_center_web\\src\\components\\molecules\\index.ts": {"path":"C:\\Users\\NAgrar01\\Projects\\react\\command_center_web\\src\\components\\molecules\\index.ts","statementMap":{"0":{"start":{"line":1,"column":0},"end":{"line":1,"column":7}},"1":{"start":{"line":6,"column":9},"end":{"line":1,"column":37}},"2":{"start":{"line":2,"column":0},"end":{"line":2,"column":7}},"3":{"start":{"line":6,"column":17},"end":{"line":2,"column":66}},"4":{"start":{"line":3,"column":0},"end":{"line":3,"column":7}},"5":{"start":{"line":6,"column":34},"end":{"line":3,"column":107}},"6":{"start":{"line":4,"column":0},"end":{"line":4,"column":7}},"7":{"start":{"line":6,"column":64},"end":{"line":4,"column":62}}},"fnMap":{},"branchMap":{},"s":{"0":1,"1":1,"2":1,"3":1,"4":1,"5":1,"6":1,"7":1},"f":{},"b":{}}
,"C:\\Users\\NAgrar01\\Projects\\react\\command_center_web\\src\\components\\molecules\\expandable-form\\ExpandableForm.tsx": {"path":"C:\\Users\\NAgrar01\\Projects\\react\\command_center_web\\src\\components\\molecules\\expandable-form\\ExpandableForm.tsx","statementMap":{"0":{"start":{"line":1,"column":0},"end":{"line":1,"column":48}},"1":{"start":{"line":2,"column":0},"end":{"line":2,"column":36}},"2":{"start":{"line":3,"column":0},"end":{"line":3,"column":50}},"3":{"start":{"line":22,"column":4},"end":{"line":69,"column":6}},"4":{"start":{"line":53,"column":57},"end":{"line":53,"column":61}},"5":{"start":{"line":72,"column":0},"end":{"line":72,"column":30}}},"fnMap":{"0":{"name":"ExpandableForm","decl":{"start":{"line":14,"column":9},"end":{"line":14,"column":23}},"loc":{"start":{"line":21,"column":18},"end":{"line":70,"column":1}}},"1":{"name":"(anonymous_2)","decl":{"start":{"line":53,"column":51},"end":{"line":53,"column":54}},"loc":{"start":{"line":53,"column":57},"end":{"line":53,"column":61}}}},"branchMap":{"0":{"loc":{"start":{"line":17,"column":4},"end":{"line":17,"column":18}},"type":"default-arg","locations":[{"start":{"line":17,"column":13},"end":{"line":17,"column":18}}]},"1":{"loc":{"start":{"line":20,"column":4},"end":{"line":20,"column":20}},"type":"default-arg","locations":[{"start":{"line":20,"column":15},"end":{"line":20,"column":20}}]},"2":{"loc":{"start":{"line":25,"column":16},"end":{"line":25,"column":94}},"type":"cond-expr","locations":[{"start":{"line":25,"column":28},"end":{"line":25,"column":55}},{"start":{"line":25,"column":58},"end":{"line":25,"column":94}}]},"3":{"loc":{"start":{"line":33,"column":32},"end":{"line":33,"column":96}},"type":"cond-expr","locations":[{"start":{"line":33,"column":44},"end":{"line":33,"column":67}},{"start":{"line":33,"column":70},"end":{"line":33,"column":96}}]},"4":{"loc":{"start":{"line":43,"column":32},"end":{"line":45,"column":64}},"type":"cond-expr","locations":[{"start":{"line":44,"column":38},"end":{"line":44,"column":73}},{"start":{"line":45,"column":38},"end":{"line":45,"column":64}}]},"5":{"loc":{"start":{"line":53,"column":29},"end":{"line":53,"column":61}},"type":"cond-expr","locations":[{"start":{"line":53,"column":41},"end":{"line":53,"column":48}},{"start":{"line":53,"column":51},"end":{"line":53,"column":61}}]},"6":{"loc":{"start":{"line":57,"column":30},"end":{"line":57,"column":68}},"type":"cond-expr","locations":[{"start":{"line":57,"column":39},"end":{"line":57,"column":51}},{"start":{"line":57,"column":54},"end":{"line":57,"column":68}}]},"7":{"loc":{"start":{"line":64,"column":66},"end":{"line":64,"column":115}},"type":"binary-expr","locations":[{"start":{"line":64,"column":66},"end":{"line":64,"column":72}},{"start":{"line":64,"column":76},"end":{"line":64,"column":115}}]}},"s":{"0":1,"1":1,"2":1,"3":0,"4":0,"5":1},"f":{"0":0,"1":0},"b":{"0":[0],"1":[0],"2":[0,0],"3":[0,0],"4":[0,0],"5":[0,0],"6":[0,0],"7":[0,0]}}
,"C:\\Users\\NAgrar01\\Projects\\react\\command_center_web\\src\\components\\molecules\\navbar\\Navbar.tsx": {"path":"C:\\Users\\NAgrar01\\Projects\\react\\command_center_web\\src\\components\\molecules\\navbar\\Navbar.tsx","statementMap":{"0":{"start":{"line":1,"column":0},"end":{"line":1,"column":36}},"1":{"start":{"line":2,"column":0},"end":{"line":2,"column":33}},"2":{"start":{"line":3,"column":0},"end":{"line":3,"column":42}},"3":{"start":{"line":4,"column":0},"end":{"line":4,"column":39}},"4":{"start":{"line":6,"column":0},"end":{"line":6,"column":56}},"5":{"start":{"line":7,"column":0},"end":{"line":7,"column":85}},"6":{"start":{"line":8,"column":0},"end":{"line":8,"column":36}},"7":{"start":{"line":9,"column":0},"end":{"line":9,"column":42}},"8":{"start":{"line":12,"column":23},"end":{"line":12,"column":45}},"9":{"start":{"line":16,"column":27},"end":{"line":16,"column":91}},"10":{"start":{"line":16,"column":61},"end":{"line":16,"column":90}},"11":{"start":{"line":18,"column":4},"end":{"line":56,"column":6}},"12":{"start":{"line":41,"column":24},"end":{"line":43,"column":null}},"13":{"start":{"line":46,"column":32},"end":{"line":46,"column":80}},"14":{"start":{"line":59,"column":0},"end":{"line":59,"column":22}}},"fnMap":{"0":{"name":"Navbar","decl":{"start":{"line":11,"column":9},"end":{"line":11,"column":15}},"loc":{"start":{"line":11,"column":15},"end":{"line":57,"column":1}}},"1":{"name":"onClickHandlerForNavbarItem","decl":{"start":{"line":14,"column":13},"end":{"line":14,"column":40}},"loc":{"start":{"line":14,"column":40},"end":{"line":14,"column":46}}},"2":{"name":"(anonymous_3)","decl":{"start":{"line":16,"column":39},"end":{"line":16,"column":40}},"loc":{"start":{"line":16,"column":61},"end":{"line":16,"column":90}}},"3":{"name":"(anonymous_4)","decl":{"start":{"line":40,"column":38},"end":{"line":40,"column":42}},"loc":{"start":{"line":41,"column":24},"end":{"line":43,"column":null}}},"4":{"name":"(anonymous_5)","decl":{"start":{"line":45,"column":39},"end":{"line":45,"column":40}},"loc":{"start":{"line":46,"column":32},"end":{"line":46,"column":80}}}},"branchMap":{"0":{"loc":{"start":{"line":22,"column":21},"end":{"line":28,"column":31}},"type":"cond-expr","locations":[{"start":{"line":22,"column":39},"end":{"line":24,"column":null}},{"start":{"line":26,"column":24},"end":{"line":27,"column":null}}]},"1":{"loc":{"start":{"line":46,"column":32},"end":{"line":46,"column":80}},"type":"cond-expr","locations":[{"start":{"line":46,"column":43},"end":{"line":46,"column":59}},{"start":{"line":46,"column":62},"end":{"line":46,"column":80}}]}},"s":{"0":1,"1":1,"2":1,"3":1,"4":1,"5":1,"6":1,"7":1,"8":0,"9":0,"10":0,"11":0,"12":0,"13":0,"14":1},"f":{"0":0,"1":0,"2":0,"3":0,"4":0},"b":{"0":[0,0],"1":[0,0]}}
,"C:\\Users\\NAgrar01\\Projects\\react\\command_center_web\\src\\components\\molecules\\quick-link-widget\\QuickLinkWidget.tsx": {"path":"C:\\Users\\NAgrar01\\Projects\\react\\command_center_web\\src\\components\\molecules\\quick-link-widget\\QuickLinkWidget.tsx","statementMap":{"0":{"start":{"line":1,"column":0},"end":{"line":1,"column":32}},"1":{"start":{"line":2,"column":0},"end":{"line":2,"column":36}},"2":{"start":{"line":3,"column":0},"end":{"line":3,"column":42}},"3":{"start":{"line":4,"column":0},"end":{"line":4,"column":null}},"4":{"start":{"line":9,"column":0},"end":{"line":9,"column":51}},"5":{"start":{"line":12,"column":4},"end":{"line":59,"column":6}},"6":{"start":{"line":62,"column":0},"end":{"line":62,"column":31}}},"fnMap":{"0":{"name":"QuickLinkWidget","decl":{"start":{"line":11,"column":9},"end":{"line":11,"column":24}},"loc":{"start":{"line":11,"column":24},"end":{"line":60,"column":1}}}},"branchMap":{},"s":{"0":1,"1":1,"2":1,"3":1,"4":1,"5":0,"6":1},"f":{"0":0},"b":{}}
,"C:\\Users\\NAgrar01\\Projects\\react\\command_center_web\\src\\components\\molecules\\user-profile-settings-roles-card\\UserProfileSettingsRolesCard.tsx": {"path":"C:\\Users\\NAgrar01\\Projects\\react\\command_center_web\\src\\components\\molecules\\user-profile-settings-roles-card\\UserProfileSettingsRolesCard.tsx","statementMap":{"0":{"start":{"line":17,"column":0},"end":{"line":17,"column":16}},"1":{"start":{"line":1,"column":0},"end":{"line":1,"column":45}},"2":{"start":{"line":2,"column":0},"end":{"line":2,"column":55}},"3":{"start":{"line":3,"column":0},"end":{"line":3,"column":48}},"4":{"start":{"line":4,"column":0},"end":{"line":4,"column":64}},"5":{"start":{"line":5,"column":0},"end":{"line":5,"column":44}},"6":{"start":{"line":22,"column":40},"end":{"line":34,"column":5}},"7":{"start":{"line":23,"column":8},"end":{"line":33,"column":9}},"8":{"start":{"line":24,"column":12},"end":{"line":24,"column":32}},"9":{"start":{"line":25,"column":15},"end":{"line":33,"column":9}},"10":{"start":{"line":26,"column":12},"end":{"line":30,"column":14}},"11":{"start":{"line":32,"column":12},"end":{"line":32,"column":25}},"12":{"start":{"line":36,"column":4},"end":{"line":44,"column":6}},"13":{"start":{"line":52,"column":54},"end":{"line":52,"column":86}},"14":{"start":{"line":54,"column":36},"end":{"line":59,"column":5}},"15":{"start":{"line":55,"column":8},"end":{"line":58,"column":22}},"16":{"start":{"line":57,"column":22},"end":{"line":57,"column":26}},"17":{"start":{"line":61,"column":4},"end":{"line":67,"column":7}},"18":{"start":{"line":63,"column":8},"end":{"line":66,"column":10}},"19":{"start":{"line":64,"column":12},"end":{"line":64,"column":85}},"20":{"start":{"line":65,"column":12},"end":{"line":65,"column":82}},"21":{"start":{"line":69,"column":41},"end":{"line":72,"column":5}},"22":{"start":{"line":70,"column":8},"end":{"line":70,"column":27}},"23":{"start":{"line":71,"column":8},"end":{"line":71,"column":53}},"24":{"start":{"line":74,"column":38},"end":{"line":77,"column":5}},"25":{"start":{"line":75,"column":8},"end":{"line":75,"column":27}},"26":{"start":{"line":76,"column":8},"end":{"line":76,"column":53}},"27":{"start":{"line":79,"column":4},"end":{"line":127,"column":6}},"28":{"start":{"line":130,"column":0},"end":{"line":130,"column":44}}},"fnMap":{"0":{"name":"RolesCardRightContent","decl":{"start":{"line":17,"column":16},"end":{"line":17,"column":37}},"loc":{"start":{"line":21,"column":29},"end":{"line":45,"column":1}}},"1":{"name":"(anonymous_2)","decl":{"start":{"line":22,"column":40},"end":{"line":22,"column":41}},"loc":{"start":{"line":22,"column":61},"end":{"line":34,"column":5}}},"2":{"name":"UserProfileSettingsRolesCard","decl":{"start":{"line":47,"column":9},"end":{"line":47,"column":37}},"loc":{"start":{"line":51,"column":46},"end":{"line":128,"column":1}}},"3":{"name":"(anonymous_4)","decl":{"start":{"line":54,"column":36},"end":{"line":54,"column":37}},"loc":{"start":{"line":54,"column":53},"end":{"line":59,"column":5}}},"4":{"name":"(anonymous_5)","decl":{"start":{"line":57,"column":17},"end":{"line":57,"column":18}},"loc":{"start":{"line":57,"column":22},"end":{"line":57,"column":26}}},"5":{"name":"(anonymous_6)","decl":{"start":{"line":61,"column":14},"end":{"line":61,"column":17}},"loc":{"start":{"line":61,"column":19},"end":{"line":67,"column":5}}},"6":{"name":"(anonymous_7)","decl":{"start":{"line":63,"column":15},"end":{"line":63,"column":18}},"loc":{"start":{"line":63,"column":20},"end":{"line":66,"column":9}}},"7":{"name":"(anonymous_8)","decl":{"start":{"line":69,"column":41},"end":{"line":69,"column":42}},"loc":{"start":{"line":69,"column":52},"end":{"line":72,"column":5}}},"8":{"name":"(anonymous_9)","decl":{"start":{"line":74,"column":38},"end":{"line":74,"column":39}},"loc":{"start":{"line":74,"column":49},"end":{"line":77,"column":5}}}},"branchMap":{"0":{"loc":{"start":{"line":23,"column":8},"end":{"line":33,"column":9}},"type":"if","locations":[{"start":{"line":23,"column":8},"end":{"line":33,"column":9}},{"start":{"line":25,"column":15},"end":{"line":33,"column":9}}]},"1":{"loc":{"start":{"line":25,"column":15},"end":{"line":33,"column":9}},"type":"if","locations":[{"start":{"line":25,"column":15},"end":{"line":33,"column":9}},{"start":{"line":31,"column":15},"end":{"line":33,"column":9}}]},"2":{"loc":{"start":{"line":36,"column":11},"end":{"line":43,"column":null}},"type":"cond-expr","locations":[{"start":{"line":37,"column":8},"end":{"line":37,"column":55}},{"start":{"line":39,"column":8},"end":{"line":42,"column":null}}]},"3":{"loc":{"start":{"line":88,"column":21},"end":{"line":95,"column":null}},"type":"cond-expr","locations":[{"start":{"line":89,"column":24},"end":{"line":90,"column":null}},{"start":{"line":93,"column":24},"end":{"line":94,"column":null}}]},"4":{"loc":{"start":{"line":101,"column":17},"end":{"line":108,"column":null}},"type":"cond-expr","locations":[{"start":{"line":102,"column":20},"end":{"line":102,"column":98}},{"start":{"line":104,"column":20},"end":{"line":107,"column":null}}]},"5":{"loc":{"start":{"line":112,"column":13},"end":{"line":125,"column":20}},"type":"cond-expr","locations":[{"start":{"line":113,"column":16},"end":{"line":123,"column":null}},{"start":{"line":125,"column":16},"end":{"line":125,"column":20}}]}},"s":{"0":1,"1":1,"2":1,"3":1,"4":1,"5":1,"6":0,"7":0,"8":0,"9":0,"10":0,"11":0,"12":0,"13":0,"14":0,"15":0,"16":0,"17":0,"18":0,"19":0,"20":0,"21":0,"22":0,"23":0,"24":0,"25":0,"26":0,"27":0,"28":1},"f":{"0":0,"1":0,"2":0,"3":0,"4":0,"5":0,"6":0,"7":0,"8":0},"b":{"0":[0,0],"1":[0,0],"2":[0,0],"3":[0,0],"4":[0,0],"5":[0,0]}}
,"C:\\Users\\NAgrar01\\Projects\\react\\command_center_web\\src\\components\\organisms\\role-selection-popup\\RoleSelectionPopup.tsx": {"path":"C:\\Users\\NAgrar01\\Projects\\react\\command_center_web\\src\\components\\organisms\\role-selection-popup\\RoleSelectionPopup.tsx","statementMap":{"0":{"start":{"line":1,"column":0},"end":{"line":1,"column":67}},"1":{"start":{"line":2,"column":0},"end":{"line":2,"column":55}},"2":{"start":{"line":3,"column":0},"end":{"line":3,"column":55}},"3":{"start":{"line":4,"column":0},"end":{"line":4,"column":null}},"4":{"start":{"line":12,"column":0},"end":{"line":12,"column":56}},"5":{"start":{"line":13,"column":0},"end":{"line":13,"column":54}},"6":{"start":{"line":14,"column":0},"end":{"line":14,"column":76}},"7":{"start":{"line":15,"column":0},"end":{"line":15,"column":60}},"8":{"start":{"line":16,"column":0},"end":{"line":16,"column":53}},"9":{"start":{"line":19,"column":21},"end":{"line":19,"column":47}},"10":{"start":{"line":20,"column":40},"end":{"line":20,"column":85}},"11":{"start":{"line":21,"column":46},"end":{"line":21,"column":91}},"12":{"start":{"line":22,"column":40},"end":{"line":22,"column":85}},"13":{"start":{"line":23,"column":32},"end":{"line":23,"column":77}},"14":{"start":{"line":24,"column":32},"end":{"line":29,"column":6}},"15":{"start":{"line":30,"column":42},"end":{"line":30,"column":66}},"16":{"start":{"line":31,"column":52},"end":{"line":31,"column":76}},"17":{"start":{"line":32,"column":34},"end":{"line":32,"column":58}},"18":{"start":{"line":34,"column":4},"end":{"line":37,"column":11}},"19":{"start":{"line":35,"column":8},"end":{"line":35,"column":39}},"20":{"start":{"line":36,"column":8},"end":{"line":36,"column":39}},"21":{"start":{"line":39,"column":29},"end":{"line":39,"column":83}},"22":{"start":{"line":39,"column":63},"end":{"line":39,"column":82}},"23":{"start":{"line":40,"column":33},"end":{"line":40,"column":54}},"24":{"start":{"line":41,"column":36},"end":{"line":41,"column":68}},"25":{"start":{"line":42,"column":33},"end":{"line":42,"column":62}},"26":{"start":{"line":43,"column":33},"end":{"line":43,"column":67}},"27":{"start":{"line":45,"column":20},"end":{"line":58,"column":10}},"28":{"start":{"line":46,"column":8},"end":{"line":51,"column":11}},"29":{"start":{"line":52,"column":8},"end":{"line":52,"column":26}},"30":{"start":{"line":53,"column":8},"end":{"line":53,"column":29}},"31":{"start":{"line":54,"column":8},"end":{"line":54,"column":26}},"32":{"start":{"line":55,"column":8},"end":{"line":55,"column":22}},"33":{"start":{"line":56,"column":8},"end":{"line":56,"column":38}},"34":{"start":{"line":57,"column":8},"end":{"line":57,"column":24}},"35":{"start":{"line":60,"column":30},"end":{"line":77,"column":16}},"36":{"start":{"line":61,"column":8},"end":{"line":76,"column":9}},"37":{"start":{"line":62,"column":12},"end":{"line":62,"column":29}},"38":{"start":{"line":63,"column":12},"end":{"line":63,"column":99}},"39":{"start":{"line":64,"column":12},"end":{"line":64,"column":22}},"40":{"start":{"line":65,"column":12},"end":{"line":65,"column":33}},"41":{"start":{"line":66,"column":12},"end":{"line":68,"column":21}},"42":{"start":{"line":67,"column":16},"end":{"line":67,"column":38}},"43":{"start":{"line":70,"column":12},"end":{"line":70,"column":38}},"44":{"start":{"line":71,"column":12},"end":{"line":73,"column":21}},"45":{"start":{"line":72,"column":16},"end":{"line":72,"column":43}},"46":{"start":{"line":75,"column":12},"end":{"line":75,"column":30}},"47":{"start":{"line":79,"column":36},"end":{"line":86,"column":30}},"48":{"start":{"line":80,"column":30},"end":{"line":83,"column":null}},"49":{"start":{"line":85,"column":8},"end":{"line":85,"column":29}},"50":{"start":{"line":88,"column":39},"end":{"line":95,"column":33}},"51":{"start":{"line":89,"column":30},"end":{"line":92,"column":null}},"52":{"start":{"line":94,"column":8},"end":{"line":94,"column":29}},"53":{"start":{"line":97,"column":36},"end":{"line":100,"column":30}},"54":{"start":{"line":98,"column":30},"end":{"line":98,"column":95}},"55":{"start":{"line":99,"column":8},"end":{"line":99,"column":29}},"56":{"start":{"line":102,"column":43},"end":{"line":113,"column":10}},"57":{"start":{"line":103,"column":8},"end":{"line":108,"column":11}},"58":{"start":{"line":109,"column":8},"end":{"line":109,"column":29}},"59":{"start":{"line":110,"column":8},"end":{"line":110,"column":26}},"60":{"start":{"line":111,"column":8},"end":{"line":111,"column":22}},"61":{"start":{"line":112,"column":8},"end":{"line":112,"column":56}},"62":{"start":{"line":115,"column":40},"end":{"line":119,"column":null}},"63":{"start":{"line":117,"column":12},"end":{"line":117,"column":90}},"64":{"start":{"line":122,"column":24},"end":{"line":133,"column":55}},"65":{"start":{"line":123,"column":8},"end":{"line":132,"column":9}},"66":{"start":{"line":129,"column":12},"end":{"line":129,"column":25}},"67":{"start":{"line":131,"column":12},"end":{"line":131,"column":24}},"68":{"start":{"line":135,"column":30},"end":{"line":147,"column":null}},"69":{"start":{"line":137,"column":12},"end":{"line":145,"column":13}},"70":{"start":{"line":138,"column":52},"end":{"line":143,"column":18}},"71":{"start":{"line":144,"column":16},"end":{"line":144,"column":36}},"72":{"start":{"line":150,"column":41},"end":{"line":193,"column":30}},"73":{"start":{"line":151,"column":61},"end":{"line":151,"column":63}},"74":{"start":{"line":152,"column":8},"end":{"line":191,"column":11}},"75":{"start":{"line":153,"column":12},"end":{"line":158,"column":14}},"76":{"start":{"line":159,"column":12},"end":{"line":190,"column":13}},"77":{"start":{"line":160,"column":16},"end":{"line":189,"column":19}},"78":{"start":{"line":161,"column":20},"end":{"line":166,"column":22}},"79":{"start":{"line":167,"column":20},"end":{"line":188,"column":21}},"80":{"start":{"line":168,"column":24},"end":{"line":187,"column":27}},"81":{"start":{"line":169,"column":28},"end":{"line":174,"column":30}},"82":{"start":{"line":175,"column":28},"end":{"line":186,"column":29}},"83":{"start":{"line":176,"column":32},"end":{"line":185,"column":35}},"84":{"start":{"line":177,"column":36},"end":{"line":184,"column":38}},"85":{"start":{"line":192,"column":8},"end":{"line":192,"column":34}},"86":{"start":{"line":195,"column":22},"end":{"line":302,"column":6}},"87":{"start":{"line":196,"column":8},"end":{"line":293,"column":10}},"88":{"start":{"line":206,"column":28},"end":{"line":206,"column":73}},"89":{"start":{"line":207,"column":28},"end":{"line":207,"column":50}},"90":{"start":{"line":221,"column":28},"end":{"line":226,"column":31}},"91":{"start":{"line":227,"column":28},"end":{"line":227,"column":46}},"92":{"start":{"line":228,"column":28},"end":{"line":228,"column":42}},"93":{"start":{"line":229,"column":28},"end":{"line":229,"column":53}},"94":{"start":{"line":241,"column":28},"end":{"line":254,"column":29}},"95":{"start":{"line":242,"column":32},"end":{"line":246,"column":34}},"96":{"start":{"line":247,"column":32},"end":{"line":252,"column":35}},"97":{"start":{"line":253,"column":32},"end":{"line":253,"column":46}},"98":{"start":{"line":255,"column":28},"end":{"line":255,"column":50}},"99":{"start":{"line":277,"column":32},"end":{"line":282,"column":35}},"100":{"start":{"line":283,"column":32},"end":{"line":283,"column":50}},"101":{"start":{"line":303,"column":4},"end":{"line":338,"column":6}},"102":{"start":{"line":327,"column":36},"end":{"line":327,"column":57}},"103":{"start":{"line":335,"column":36},"end":{"line":335,"column":62}},"104":{"start":{"line":341,"column":0},"end":{"line":341,"column":34}}},"fnMap":{"0":{"name":"RoleSelectionPopup","decl":{"start":{"line":18,"column":9},"end":{"line":18,"column":27}},"loc":{"start":{"line":18,"column":77},"end":{"line":339,"column":1}}},"1":{"name":"(anonymous_2)","decl":{"start":{"line":34,"column":12},"end":{"line":34,"column":15}},"loc":{"start":{"line":34,"column":17},"end":{"line":37,"column":5}}},"2":{"name":"(anonymous_3)","decl":{"start":{"line":39,"column":41},"end":{"line":39,"column":42}},"loc":{"start":{"line":39,"column":63},"end":{"line":39,"column":82}}},"3":{"name":"(anonymous_4)","decl":{"start":{"line":45,"column":32},"end":{"line":45,"column":35}},"loc":{"start":{"line":45,"column":37},"end":{"line":58,"column":5}}},"4":{"name":"(anonymous_5)","decl":{"start":{"line":60,"column":42},"end":{"line":60,"column":47}},"loc":{"start":{"line":60,"column":53},"end":{"line":77,"column":5}}},"5":{"name":"(anonymous_6)","decl":{"start":{"line":66,"column":23},"end":{"line":66,"column":26}},"loc":{"start":{"line":66,"column":28},"end":{"line":68,"column":13}}},"6":{"name":"(anonymous_7)","decl":{"start":{"line":71,"column":23},"end":{"line":71,"column":26}},"loc":{"start":{"line":71,"column":28},"end":{"line":73,"column":13}}},"7":{"name":"(anonymous_8)","decl":{"start":{"line":79,"column":48},"end":{"line":79,"column":51}},"loc":{"start":{"line":79,"column":53},"end":{"line":86,"column":5}}},"8":{"name":"(anonymous_9)","decl":{"start":{"line":88,"column":51},"end":{"line":88,"column":54}},"loc":{"start":{"line":88,"column":56},"end":{"line":95,"column":5}}},"9":{"name":"(anonymous_10)","decl":{"start":{"line":97,"column":48},"end":{"line":97,"column":51}},"loc":{"start":{"line":97,"column":53},"end":{"line":100,"column":5}}},"10":{"name":"(anonymous_11)","decl":{"start":{"line":102,"column":55},"end":{"line":102,"column":56}},"loc":{"start":{"line":102,"column":78},"end":{"line":113,"column":5}}},"11":{"name":"(anonymous_12)","decl":{"start":{"line":116,"column":8},"end":{"line":116,"column":9}},"loc":{"start":{"line":116,"column":80},"end":{"line":118,"column":9}}},"12":{"name":"(anonymous_13)","decl":{"start":{"line":122,"column":32},"end":{"line":122,"column":35}},"loc":{"start":{"line":122,"column":37},"end":{"line":133,"column":5}}},"13":{"name":"(anonymous_14)","decl":{"start":{"line":136,"column":8},"end":{"line":136,"column":9}},"loc":{"start":{"line":136,"column":69},"end":{"line":146,"column":9}}},"14":{"name":"(anonymous_15)","decl":{"start":{"line":150,"column":49},"end":{"line":150,"column":52}},"loc":{"start":{"line":150,"column":54},"end":{"line":193,"column":5}}},"15":{"name":"(anonymous_16)","decl":{"start":{"line":152,"column":37},"end":{"line":152,"column":38}},"loc":{"start":{"line":152,"column":55},"end":{"line":191,"column":9}}},"16":{"name":"(anonymous_17)","decl":{"start":{"line":160,"column":40},"end":{"line":160,"column":41}},"loc":{"start":{"line":160,"column":72},"end":{"line":189,"column":17}}},"17":{"name":"(anonymous_18)","decl":{"start":{"line":168,"column":47},"end":{"line":168,"column":48}},"loc":{"start":{"line":168,"column":79},"end":{"line":187,"column":25}}},"18":{"name":"(anonymous_19)","decl":{"start":{"line":176,"column":53},"end":{"line":176,"column":54}},"loc":{"start":{"line":176,"column":69},"end":{"line":185,"column":33}}},"19":{"name":"(anonymous_20)","decl":{"start":{"line":195,"column":34},"end":{"line":195,"column":37}},"loc":{"start":{"line":195,"column":39},"end":{"line":294,"column":5}}},"20":{"name":"(anonymous_21)","decl":{"start":{"line":205,"column":34},"end":{"line":205,"column":35}},"loc":{"start":{"line":205,"column":53},"end":{"line":208,"column":25}}},"21":{"name":"(anonymous_22)","decl":{"start":{"line":220,"column":34},"end":{"line":220,"column":35}},"loc":{"start":{"line":220,"column":53},"end":{"line":230,"column":25}}},"22":{"name":"(anonymous_23)","decl":{"start":{"line":240,"column":34},"end":{"line":240,"column":35}},"loc":{"start":{"line":240,"column":53},"end":{"line":256,"column":25}}},"23":{"name":"(anonymous_24)","decl":{"start":{"line":276,"column":38},"end":{"line":276,"column":39}},"loc":{"start":{"line":276,"column":57},"end":{"line":284,"column":29}}},"24":{"name":"(anonymous_25)","decl":{"start":{"line":327,"column":30},"end":{"line":327,"column":33}},"loc":{"start":{"line":327,"column":36},"end":{"line":327,"column":57}}},"25":{"name":"(anonymous_26)","decl":{"start":{"line":335,"column":30},"end":{"line":335,"column":33}},"loc":{"start":{"line":335,"column":36},"end":{"line":335,"column":62}}}},"branchMap":{"0":{"loc":{"start":{"line":123,"column":8},"end":{"line":132,"column":9}},"type":"if","locations":[{"start":{"line":123,"column":8},"end":{"line":132,"column":9}},{"start":{"line":130,"column":15},"end":{"line":132,"column":9}}]},"1":{"loc":{"start":{"line":124,"column":12},"end":{"line":127,"column":42}},"type":"binary-expr","locations":[{"start":{"line":124,"column":12},"end":{"line":124,"column":46}},{"start":{"line":125,"column":12},"end":{"line":125,"column":49}},{"start":{"line":126,"column":12},"end":{"line":126,"column":46}},{"start":{"line":127,"column":12},"end":{"line":127,"column":42}}]},"2":{"loc":{"start":{"line":137,"column":12},"end":{"line":145,"column":13}},"type":"if","locations":[{"start":{"line":137,"column":12},"end":{"line":145,"column":13}}]},"3":{"loc":{"start":{"line":137,"column":16},"end":{"line":137,"column":30}},"type":"binary-expr","locations":[{"start":{"line":137,"column":16},"end":{"line":137,"column":20}},{"start":{"line":137,"column":24},"end":{"line":137,"column":30}}]},"4":{"loc":{"start":{"line":159,"column":12},"end":{"line":190,"column":13}},"type":"if","locations":[{"start":{"line":159,"column":12},"end":{"line":190,"column":13}}]},"5":{"loc":{"start":{"line":159,"column":16},"end":{"line":159,"column":81}},"type":"binary-expr","locations":[{"start":{"line":159,"column":16},"end":{"line":159,"column":49}},{"start":{"line":159,"column":53},"end":{"line":159,"column":81}}]},"6":{"loc":{"start":{"line":167,"column":20},"end":{"line":188,"column":21}},"type":"if","locations":[{"start":{"line":167,"column":20},"end":{"line":188,"column":21}}]},"7":{"loc":{"start":{"line":167,"column":24},"end":{"line":167,"column":87}},"type":"binary-expr","locations":[{"start":{"line":167,"column":24},"end":{"line":167,"column":56}},{"start":{"line":167,"column":60},"end":{"line":167,"column":87}}]},"8":{"loc":{"start":{"line":175,"column":28},"end":{"line":186,"column":29}},"type":"if","locations":[{"start":{"line":175,"column":28},"end":{"line":186,"column":29}}]},"9":{"loc":{"start":{"line":175,"column":32},"end":{"line":175,"column":91}},"type":"binary-expr","locations":[{"start":{"line":175,"column":32},"end":{"line":175,"column":62}},{"start":{"line":175,"column":66},"end":{"line":175,"column":91}}]},"10":{"loc":{"start":{"line":241,"column":28},"end":{"line":254,"column":29}},"type":"if","locations":[{"start":{"line":241,"column":28},"end":{"line":254,"column":29}}]},"11":{"loc":{"start":{"line":268,"column":17},"end":{"line":290,"column":null}},"type":"binary-expr","locations":[{"start":{"line":268,"column":17},"end":{"line":268,"column":51}},{"start":{"line":269,"column":20},"end":{"line":289,"column":null}}]}},"s":{"0":1,"1":1,"2":1,"3":1,"4":1,"5":1,"6":1,"7":1,"8":1,"9":0,"10":0,"11":0,"12":0,"13":0,"14":0,"15":0,"16":0,"17":0,"18":0,"19":0,"20":0,"21":0,"22":0,"23":0,"24":0,"25":0,"26":0,"27":0,"28":0,"29":0,"30":0,"31":0,"32":0,"33":0,"34":0,"35":0,"36":0,"37":0,"38":0,"39":0,"40":0,"41":0,"42":0,"43":0,"44":0,"45":0,"46":0,"47":0,"48":0,"49":0,"50":0,"51":0,"52":0,"53":0,"54":0,"55":0,"56":0,"57":0,"58":0,"59":0,"60":0,"61":0,"62":0,"63":0,"64":0,"65":0,"66":0,"67":0,"68":0,"69":0,"70":0,"71":0,"72":0,"73":0,"74":0,"75":0,"76":0,"77":0,"78":0,"79":0,"80":0,"81":0,"82":0,"83":0,"84":0,"85":0,"86":0,"87":0,"88":0,"89":0,"90":0,"91":0,"92":0,"93":0,"94":0,"95":0,"96":0,"97":0,"98":0,"99":0,"100":0,"101":0,"102":0,"103":0,"104":1},"f":{"0":0,"1":0,"2":0,"3":0,"4":0,"5":0,"6":0,"7":0,"8":0,"9":0,"10":0,"11":0,"12":0,"13":0,"14":0,"15":0,"16":0,"17":0,"18":0,"19":0,"20":0,"21":0,"22":0,"23":0,"24":0,"25":0},"b":{"0":[0,0],"1":[0,0,0,0],"2":[0],"3":[0,0],"4":[0],"5":[0,0],"6":[0],"7":[0,0],"8":[0],"9":[0,0],"10":[0],"11":[0,0]}}
,"C:\\Users\\NAgrar01\\Projects\\react\\command_center_web\\src\\components\\organisms\\user-profile-settings-role-section\\UserProfileSettingsRoleSection.tsx": {"path":"C:\\Users\\NAgrar01\\Projects\\react\\command_center_web\\src\\components\\organisms\\user-profile-settings-role-section\\UserProfileSettingsRoleSection.tsx","statementMap":{"0":{"start":{"line":1,"column":0},"end":{"line":1,"column":33}},"1":{"start":{"line":2,"column":0},"end":{"line":2,"column":34}},"2":{"start":{"line":3,"column":0},"end":{"line":3,"column":36}},"3":{"start":{"line":4,"column":0},"end":{"line":4,"column":63}},"4":{"start":{"line":5,"column":0},"end":{"line":5,"column":79}},"5":{"start":{"line":6,"column":0},"end":{"line":6,"column":66}},"6":{"start":{"line":7,"column":0},"end":{"line":7,"column":76}},"7":{"start":{"line":10,"column":33},"end":{"line":10,"column":48}},"8":{"start":{"line":11,"column":35},"end":{"line":11,"column":50}},"9":{"start":{"line":12,"column":35},"end":{"line":12,"column":50}},"10":{"start":{"line":13,"column":60},"end":{"line":13,"column":84}},"11":{"start":{"line":15,"column":4},"end":{"line":110,"column":6}},"12":{"start":{"line":34,"column":55},"end":{"line":34,"column":84}},"13":{"start":{"line":44,"column":49},"end":{"line":44,"column":79}},"14":{"start":{"line":78,"column":24},"end":{"line":79,"column":null}},"15":{"start":{"line":113,"column":0},"end":{"line":113,"column":46}}},"fnMap":{"0":{"name":"UserProfileSettingsRoleSection","decl":{"start":{"line":9,"column":9},"end":{"line":9,"column":39}},"loc":{"start":{"line":9,"column":39},"end":{"line":111,"column":1}}},"1":{"name":"(anonymous_2)","decl":{"start":{"line":34,"column":49},"end":{"line":34,"column":52}},"loc":{"start":{"line":34,"column":55},"end":{"line":34,"column":84}}},"2":{"name":"(anonymous_3)","decl":{"start":{"line":44,"column":43},"end":{"line":44,"column":46}},"loc":{"start":{"line":44,"column":49},"end":{"line":44,"column":79}}},"3":{"name":"(anonymous_4)","decl":{"start":{"line":77,"column":34},"end":{"line":77,"column":38}},"loc":{"start":{"line":78,"column":24},"end":{"line":79,"column":null}}}},"branchMap":{"0":{"loc":{"start":{"line":19,"column":17},"end":{"line":55,"column":null}},"type":"cond-expr","locations":[{"start":{"line":20,"column":20},"end":{"line":45,"column":null}},{"start":{"line":48,"column":20},"end":{"line":54,"column":null}}]},"1":{"loc":{"start":{"line":64,"column":28},"end":{"line":66,"column":78}},"type":"cond-expr","locations":[{"start":{"line":65,"column":34},"end":{"line":65,"column":69}},{"start":{"line":66,"column":34},"end":{"line":66,"column":78}}]},"2":{"loc":{"start":{"line":72,"column":17},"end":{"line":87,"column":null}},"type":"cond-expr","locations":[{"start":{"line":73,"column":20},"end":{"line":73,"column":null}},{"start":{"line":77,"column":20},"end":{"line":87,"column":22}}]},"3":{"loc":{"start":{"line":93,"column":17},"end":{"line":106,"column":null}},"type":"cond-expr","locations":[{"start":{"line":94,"column":20},"end":{"line":94,"column":null}},{"start":{"line":98,"column":20},"end":{"line":105,"column":null}}]}},"s":{"0":1,"1":1,"2":1,"3":1,"4":1,"5":1,"6":1,"7":9,"8":9,"9":9,"10":9,"11":9,"12":1,"13":1,"14":0,"15":1},"f":{"0":9,"1":1,"2":1,"3":0},"b":{"0":[9,0],"1":[0,9],"2":[9,0],"3":[9,0]}}
,"C:\\Users\\NAgrar01\\Projects\\react\\command_center_web\\src\\services\\api.ts": {"path":"C:\\Users\\NAgrar01\\Projects\\react\\command_center_web\\src\\services\\api.ts","statementMap":{"0":{"start":{"line":1,"column":0},"end":{"line":1,"column":40}},"1":{"start":{"line":7,"column":23},"end":{"line":9,"column":2}},"2":{"start":{"line":11,"column":23},"end":{"line":27,"column":1}},"3":{"start":{"line":12,"column":4},"end":{"line":26,"column":11}},"4":{"start":{"line":19,"column":12},"end":{"line":22,"column":14}},"5":{"start":{"line":25,"column":12},"end":{"line":25,"column":24}},"6":{"start":{"line":11,"column":13},"end":{"line":11,"column":23}},"7":{"start":{"line":29,"column":22},"end":{"line":45,"column":1}},"8":{"start":{"line":30,"column":4},"end":{"line":44,"column":11}},"9":{"start":{"line":37,"column":12},"end":{"line":40,"column":14}},"10":{"start":{"line":43,"column":12},"end":{"line":43,"column":24}},"11":{"start":{"line":29,"column":13},"end":{"line":29,"column":22}},"12":{"start":{"line":47,"column":22},"end":{"line":63,"column":1}},"13":{"start":{"line":48,"column":4},"end":{"line":62,"column":11}},"14":{"start":{"line":55,"column":12},"end":{"line":58,"column":14}},"15":{"start":{"line":61,"column":12},"end":{"line":61,"column":24}},"16":{"start":{"line":47,"column":13},"end":{"line":47,"column":22}},"17":{"start":{"line":65,"column":25},"end":{"line":80,"column":1}},"18":{"start":{"line":66,"column":4},"end":{"line":79,"column":11}},"19":{"start":{"line":72,"column":12},"end":{"line":75,"column":14}},"20":{"start":{"line":78,"column":12},"end":{"line":78,"column":24}},"21":{"start":{"line":65,"column":13},"end":{"line":65,"column":25}}},"fnMap":{"0":{"name":"(anonymous_1)","decl":{"start":{"line":11,"column":23},"end":{"line":11,"column":28}},"loc":{"start":{"line":11,"column":70},"end":{"line":27,"column":1}}},"1":{"name":"(anonymous_2)","decl":{"start":{"line":18,"column":14},"end":{"line":18,"column":15}},"loc":{"start":{"line":18,"column":58},"end":{"line":23,"column":9}}},"2":{"name":"(anonymous_3)","decl":{"start":{"line":24,"column":15},"end":{"line":24,"column":16}},"loc":{"start":{"line":24,"column":30},"end":{"line":26,"column":9}}},"3":{"name":"(anonymous_4)","decl":{"start":{"line":29,"column":22},"end":{"line":29,"column":27}},"loc":{"start":{"line":29,"column":69},"end":{"line":45,"column":1}}},"4":{"name":"(anonymous_5)","decl":{"start":{"line":36,"column":14},"end":{"line":36,"column":15}},"loc":{"start":{"line":36,"column":58},"end":{"line":41,"column":9}}},"5":{"name":"(anonymous_6)","decl":{"start":{"line":42,"column":15},"end":{"line":42,"column":16}},"loc":{"start":{"line":42,"column":30},"end":{"line":44,"column":9}}},"6":{"name":"(anonymous_7)","decl":{"start":{"line":47,"column":22},"end":{"line":47,"column":27}},"loc":{"start":{"line":47,"column":80},"end":{"line":63,"column":1}}},"7":{"name":"(anonymous_8)","decl":{"start":{"line":54,"column":14},"end":{"line":54,"column":15}},"loc":{"start":{"line":54,"column":58},"end":{"line":59,"column":9}}},"8":{"name":"(anonymous_9)","decl":{"start":{"line":60,"column":15},"end":{"line":60,"column":16}},"loc":{"start":{"line":60,"column":30},"end":{"line":62,"column":9}}},"9":{"name":"(anonymous_10)","decl":{"start":{"line":65,"column":25},"end":{"line":65,"column":30}},"loc":{"start":{"line":65,"column":61},"end":{"line":80,"column":1}}},"10":{"name":"(anonymous_11)","decl":{"start":{"line":71,"column":14},"end":{"line":71,"column":15}},"loc":{"start":{"line":71,"column":58},"end":{"line":76,"column":9}}},"11":{"name":"(anonymous_12)","decl":{"start":{"line":77,"column":15},"end":{"line":77,"column":16}},"loc":{"start":{"line":77,"column":30},"end":{"line":79,"column":9}}}},"branchMap":{"0":{"loc":{"start":{"line":8,"column":13},"end":{"line":8,"column":44}},"type":"binary-expr","locations":[{"start":{"line":8,"column":13},"end":{"line":8,"column":38}},{"start":{"line":8,"column":42},"end":{"line":8,"column":44}}]}},"s":{"0":1,"1":1,"2":1,"3":0,"4":0,"5":0,"6":1,"7":1,"8":0,"9":0,"10":0,"11":1,"12":1,"13":0,"14":0,"15":0,"16":1,"17":1,"18":0,"19":0,"20":0,"21":1},"f":{"0":0,"1":0,"2":0,"3":0,"4":0,"5":0,"6":0,"7":0,"8":0,"9":0,"10":0,"11":0},"b":{"0":[1,1]}}
,"C:\\Users\\NAgrar01\\Projects\\react\\command_center_web\\src\\services\\interceptor.ts": {"path":"C:\\Users\\NAgrar01\\Projects\\react\\command_center_web\\src\\services\\interceptor.ts","statementMap":{"0":{"start":{"line":1,"column":0},"end":{"line":1,"column":26}},"1":{"start":{"line":4,"column":20},"end":{"line":4,"column":34}},"2":{"start":{"line":7,"column":20},"end":{"line":7,"column":57}},"3":{"start":{"line":8,"column":0},"end":{"line":8,"column":84}},"4":{"start":{"line":9,"column":0},"end":{"line":9,"column":76}},"5":{"start":{"line":10,"column":0},"end":{"line":25,"column":2}},"6":{"start":{"line":12,"column":8},"end":{"line":12,"column":24}},"7":{"start":{"line":16,"column":8},"end":{"line":19,"column":9}},"8":{"start":{"line":20,"column":8},"end":{"line":22,"column":9}},"9":{"start":{"line":21,"column":12},"end":{"line":21,"column":51}},"10":{"start":{"line":23,"column":8},"end":{"line":23,"column":65}},"11":{"start":{"line":29,"column":21},"end":{"line":29,"column":35}},"12":{"start":{"line":48,"column":9},"end":{"line":48,"column":21}},"13":{"start":{"line":30,"column":27},"end":{"line":30,"column":71}},"14":{"start":{"line":31,"column":0},"end":{"line":31,"column":85}},"15":{"start":{"line":32,"column":0},"end":{"line":32,"column":84}},"16":{"start":{"line":34,"column":0},"end":{"line":45,"column":2}},"17":{"start":{"line":35,"column":16},"end":{"line":35,"column":24}},"18":{"start":{"line":37,"column":8},"end":{"line":39,"column":9}},"19":{"start":{"line":40,"column":8},"end":{"line":42,"column":9}},"20":{"start":{"line":41,"column":12},"end":{"line":41,"column":51}},"21":{"start":{"line":43,"column":8},"end":{"line":43,"column":65}},"22":{"start":{"line":47,"column":0},"end":{"line":47,"column":27}}},"fnMap":{"0":{"name":"(anonymous_1)","decl":{"start":{"line":11,"column":4},"end":{"line":11,"column":12}},"loc":{"start":{"line":11,"column":15},"end":{"line":13,"column":5}}},"1":{"name":"(anonymous_2)","decl":{"start":{"line":14,"column":4},"end":{"line":14,"column":9}},"loc":{"start":{"line":14,"column":12},"end":{"line":24,"column":5}}},"2":{"name":"(anonymous_3)","decl":{"start":{"line":35,"column":4},"end":{"line":35,"column":12}},"loc":{"start":{"line":35,"column":16},"end":{"line":35,"column":24}}},"3":{"name":"(anonymous_4)","decl":{"start":{"line":36,"column":4},"end":{"line":36,"column":9}},"loc":{"start":{"line":36,"column":12},"end":{"line":44,"column":5}}}},"branchMap":{"0":{"loc":{"start":{"line":16,"column":8},"end":{"line":19,"column":9}},"type":"if","locations":[{"start":{"line":16,"column":8},"end":{"line":19,"column":9}}]},"1":{"loc":{"start":{"line":20,"column":8},"end":{"line":22,"column":9}},"type":"if","locations":[{"start":{"line":20,"column":8},"end":{"line":22,"column":9}}]},"2":{"loc":{"start":{"line":37,"column":8},"end":{"line":39,"column":9}},"type":"if","locations":[{"start":{"line":37,"column":8},"end":{"line":39,"column":9}}]},"3":{"loc":{"start":{"line":40,"column":8},"end":{"line":42,"column":9}},"type":"if","locations":[{"start":{"line":40,"column":8},"end":{"line":42,"column":9}}]}},"s":{"0":1,"1":1,"2":1,"3":1,"4":1,"5":1,"6":0,"7":0,"8":0,"9":0,"10":0,"11":1,"12":1,"13":1,"14":1,"15":1,"16":1,"17":0,"18":0,"19":0,"20":0,"21":0,"22":1},"f":{"0":0,"1":0,"2":0,"3":0},"b":{"0":[0],"1":[0],"2":[0],"3":[0]}}
,"C:\\Users\\NAgrar01\\Projects\\react\\command_center_web\\src\\services\\users.ts": {"path":"C:\\Users\\NAgrar01\\Projects\\react\\command_center_web\\src\\services\\users.ts","statementMap":{"0":{"start":{"line":1,"column":0},"end":{"line":1,"column":32}},"1":{"start":{"line":3,"column":33},"end":{"line":5,"column":1}},"2":{"start":{"line":4,"column":4},"end":{"line":4,"column":59}},"3":{"start":{"line":3,"column":13},"end":{"line":3,"column":33}}},"fnMap":{"0":{"name":"(anonymous_0)","decl":{"start":{"line":3,"column":33},"end":{"line":3,"column":38}},"loc":{"start":{"line":3,"column":89},"end":{"line":5,"column":1}}}},"branchMap":{},"s":{"0":1,"1":1,"2":0,"3":1},"f":{"0":0},"b":{}}
,"C:\\Users\\NAgrar01\\Projects\\react\\command_center_web\\src\\store\\index.ts": {"path":"C:\\Users\\NAgrar01\\Projects\\react\\command_center_web\\src\\store\\index.ts","statementMap":{"0":{"start":{"line":1,"column":0},"end":{"line":1,"column":50}},"1":{"start":{"line":2,"column":0},"end":{"line":2,"column":66}},"2":{"start":{"line":3,"column":0},"end":{"line":3,"column":67}},"3":{"start":{"line":4,"column":0},"end":{"line":4,"column":62}},"4":{"start":{"line":5,"column":0},"end":{"line":5,"column":87}},"5":{"start":{"line":7,"column":13},"end":{"line":14,"column":3}},"6":{"start":{"line":16,"column":0},"end":{"line":16,"column":46}},"7":{"start":{"line":17,"column":0},"end":{"line":17,"column":44}},"8":{"start":{"line":18,"column":0},"end":{"line":18,"column":45}},"9":{"start":{"line":19,"column":0},"end":{"line":19,"column":54}}},"fnMap":{},"branchMap":{},"s":{"0":1,"1":1,"2":1,"3":1,"4":1,"5":1,"6":1,"7":1,"8":1,"9":1},"f":{},"b":{}}
,"C:\\Users\\NAgrar01\\Projects\\react\\command_center_web\\src\\store\\slice\\geographicalInformationSlice.ts": {"path":"C:\\Users\\NAgrar01\\Projects\\react\\command_center_web\\src\\store\\slice\\geographicalInformationSlice.ts","statementMap":{"0":{"start":{"line":1,"column":0},"end":{"line":1,"column":47}},"1":{"start":{"line":2,"column":0},"end":{"line":2,"column":null}},"2":{"start":{"line":21,"column":47},"end":{"line":31,"column":2}},"3":{"start":{"line":33,"column":37},"end":{"line":86,"column":2}},"4":{"start":{"line":38,"column":8},"end":{"line":40,"column":11}},"5":{"start":{"line":39,"column":12},"end":{"line":39,"column":35}},"6":{"start":{"line":41,"column":8},"end":{"line":44,"column":11}},"7":{"start":{"line":42,"column":12},"end":{"line":42,"column":36}},"8":{"start":{"line":43,"column":12},"end":{"line":43,"column":48}},"9":{"start":{"line":45,"column":8},"end":{"line":48,"column":11}},"10":{"start":{"line":46,"column":12},"end":{"line":46,"column":36}},"11":{"start":{"line":47,"column":12},"end":{"line":47,"column":39}},"12":{"start":{"line":50,"column":8},"end":{"line":52,"column":11}},"13":{"start":{"line":51,"column":12},"end":{"line":51,"column":35}},"14":{"start":{"line":53,"column":8},"end":{"line":56,"column":11}},"15":{"start":{"line":54,"column":12},"end":{"line":54,"column":36}},"16":{"start":{"line":55,"column":12},"end":{"line":55,"column":49}},"17":{"start":{"line":57,"column":8},"end":{"line":60,"column":11}},"18":{"start":{"line":58,"column":12},"end":{"line":58,"column":36}},"19":{"start":{"line":59,"column":12},"end":{"line":59,"column":39}},"20":{"start":{"line":62,"column":8},"end":{"line":64,"column":11}},"21":{"start":{"line":63,"column":12},"end":{"line":63,"column":35}},"22":{"start":{"line":65,"column":8},"end":{"line":68,"column":11}},"23":{"start":{"line":66,"column":12},"end":{"line":66,"column":36}},"24":{"start":{"line":67,"column":12},"end":{"line":67,"column":48}},"25":{"start":{"line":69,"column":8},"end":{"line":72,"column":11}},"26":{"start":{"line":70,"column":12},"end":{"line":70,"column":36}},"27":{"start":{"line":71,"column":12},"end":{"line":71,"column":39}},"28":{"start":{"line":74,"column":8},"end":{"line":76,"column":11}},"29":{"start":{"line":75,"column":12},"end":{"line":75,"column":35}},"30":{"start":{"line":77,"column":8},"end":{"line":80,"column":11}},"31":{"start":{"line":78,"column":12},"end":{"line":78,"column":36}},"32":{"start":{"line":79,"column":12},"end":{"line":79,"column":46}},"33":{"start":{"line":81,"column":8},"end":{"line":84,"column":11}},"34":{"start":{"line":82,"column":12},"end":{"line":82,"column":36}},"35":{"start":{"line":83,"column":12},"end":{"line":83,"column":39}},"36":{"start":{"line":88,"column":0},"end":{"line":88,"column":52}}},"fnMap":{"0":{"name":"(anonymous_0)","decl":{"start":{"line":37,"column":4},"end":{"line":37,"column":17}},"loc":{"start":{"line":37,"column":25},"end":{"line":85,"column":5}}},"1":{"name":"(anonymous_1)","decl":{"start":{"line":38,"column":57},"end":{"line":38,"column":62}},"loc":{"start":{"line":38,"column":65},"end":{"line":40,"column":9}}},"2":{"name":"(anonymous_2)","decl":{"start":{"line":41,"column":59},"end":{"line":41,"column":60}},"loc":{"start":{"line":41,"column":77},"end":{"line":44,"column":9}}},"3":{"name":"(anonymous_3)","decl":{"start":{"line":45,"column":58},"end":{"line":45,"column":59}},"loc":{"start":{"line":45,"column":76},"end":{"line":48,"column":9}}},"4":{"name":"(anonymous_4)","decl":{"start":{"line":50,"column":59},"end":{"line":50,"column":64}},"loc":{"start":{"line":50,"column":67},"end":{"line":52,"column":9}}},"5":{"name":"(anonymous_5)","decl":{"start":{"line":53,"column":61},"end":{"line":53,"column":62}},"loc":{"start":{"line":53,"column":79},"end":{"line":56,"column":9}}},"6":{"name":"(anonymous_6)","decl":{"start":{"line":57,"column":60},"end":{"line":57,"column":61}},"loc":{"start":{"line":57,"column":78},"end":{"line":60,"column":9}}},"7":{"name":"(anonymous_7)","decl":{"start":{"line":62,"column":58},"end":{"line":62,"column":63}},"loc":{"start":{"line":62,"column":66},"end":{"line":64,"column":9}}},"8":{"name":"(anonymous_8)","decl":{"start":{"line":65,"column":60},"end":{"line":65,"column":61}},"loc":{"start":{"line":65,"column":78},"end":{"line":68,"column":9}}},"9":{"name":"(anonymous_9)","decl":{"start":{"line":69,"column":59},"end":{"line":69,"column":60}},"loc":{"start":{"line":69,"column":77},"end":{"line":72,"column":9}}},"10":{"name":"(anonymous_10)","decl":{"start":{"line":74,"column":56},"end":{"line":74,"column":61}},"loc":{"start":{"line":74,"column":64},"end":{"line":76,"column":9}}},"11":{"name":"(anonymous_11)","decl":{"start":{"line":77,"column":58},"end":{"line":77,"column":59}},"loc":{"start":{"line":77,"column":76},"end":{"line":80,"column":9}}},"12":{"name":"(anonymous_12)","decl":{"start":{"line":81,"column":57},"end":{"line":81,"column":58}},"loc":{"start":{"line":81,"column":75},"end":{"line":84,"column":9}}}},"branchMap":{},"s":{"0":1,"1":1,"2":1,"3":1,"4":1,"5":0,"6":1,"7":0,"8":0,"9":1,"10":0,"11":0,"12":1,"13":0,"14":1,"15":0,"16":0,"17":1,"18":0,"19":0,"20":1,"21":0,"22":1,"23":0,"24":0,"25":1,"26":0,"27":0,"28":1,"29":0,"30":1,"31":0,"32":0,"33":1,"34":0,"35":0,"36":1},"f":{"0":1,"1":0,"2":0,"3":0,"4":0,"5":0,"6":0,"7":0,"8":0,"9":0,"10":0,"11":0,"12":0},"b":{}}
,"C:\\Users\\NAgrar01\\Projects\\react\\command_center_web\\src\\store\\slice\\lastRefreshDateSlice.ts": {"path":"C:\\Users\\NAgrar01\\Projects\\react\\command_center_web\\src\\store\\slice\\lastRefreshDateSlice.ts","statementMap":{"0":{"start":{"line":1,"column":0},"end":{"line":1,"column":47}},"1":{"start":{"line":2,"column":0},"end":{"line":2,"column":70}},"2":{"start":{"line":11,"column":44},"end":{"line":23,"column":2}},"3":{"start":{"line":25,"column":29},"end":{"line":42,"column":2}},"4":{"start":{"line":30,"column":8},"end":{"line":32,"column":11}},"5":{"start":{"line":31,"column":12},"end":{"line":31,"column":35}},"6":{"start":{"line":33,"column":8},"end":{"line":36,"column":11}},"7":{"start":{"line":34,"column":12},"end":{"line":34,"column":36}},"8":{"start":{"line":35,"column":12},"end":{"line":35,"column":40}},"9":{"start":{"line":37,"column":8},"end":{"line":40,"column":11}},"10":{"start":{"line":38,"column":12},"end":{"line":38,"column":36}},"11":{"start":{"line":39,"column":12},"end":{"line":39,"column":39}},"12":{"start":{"line":44,"column":0},"end":{"line":44,"column":44}}},"fnMap":{"0":{"name":"(anonymous_0)","decl":{"start":{"line":29,"column":4},"end":{"line":29,"column":17}},"loc":{"start":{"line":29,"column":25},"end":{"line":41,"column":5}}},"1":{"name":"(anonymous_1)","decl":{"start":{"line":30,"column":54},"end":{"line":30,"column":59}},"loc":{"start":{"line":30,"column":62},"end":{"line":32,"column":9}}},"2":{"name":"(anonymous_2)","decl":{"start":{"line":33,"column":56},"end":{"line":33,"column":57}},"loc":{"start":{"line":33,"column":74},"end":{"line":36,"column":9}}},"3":{"name":"(anonymous_3)","decl":{"start":{"line":37,"column":55},"end":{"line":37,"column":56}},"loc":{"start":{"line":37,"column":73},"end":{"line":40,"column":9}}}},"branchMap":{},"s":{"0":1,"1":1,"2":1,"3":1,"4":1,"5":0,"6":1,"7":0,"8":0,"9":1,"10":0,"11":0,"12":1},"f":{"0":1,"1":0,"2":0,"3":0},"b":{}}
,"C:\\Users\\NAgrar01\\Projects\\react\\command_center_web\\src\\store\\slice\\profilePictureSlice.ts": {"path":"C:\\Users\\NAgrar01\\Projects\\react\\command_center_web\\src\\store\\slice\\profilePictureSlice.ts","statementMap":{"0":{"start":{"line":1,"column":0},"end":{"line":1,"column":47}},"1":{"start":{"line":3,"column":0},"end":{"line":3,"column":68}},"2":{"start":{"line":11,"column":41},"end":{"line":15,"column":2}},"3":{"start":{"line":17,"column":27},"end":{"line":42,"column":2}},"4":{"start":{"line":22,"column":12},"end":{"line":22,"column":32}},"5":{"start":{"line":23,"column":12},"end":{"line":23,"column":36}},"6":{"start":{"line":24,"column":12},"end":{"line":24,"column":31}},"7":{"start":{"line":28,"column":8},"end":{"line":40,"column":15}},"8":{"start":{"line":30,"column":16},"end":{"line":30,"column":39}},"9":{"start":{"line":31,"column":16},"end":{"line":31,"column":35}},"10":{"start":{"line":34,"column":16},"end":{"line":34,"column":48}},"11":{"start":{"line":35,"column":16},"end":{"line":35,"column":40}},"12":{"start":{"line":38,"column":16},"end":{"line":38,"column":40}},"13":{"start":{"line":39,"column":16},"end":{"line":39,"column":86}},"14":{"start":{"line":44,"column":15},"end":{"line":44,"column":63}},"15":{"start":{"line":46,"column":0},"end":{"line":46,"column":41}}},"fnMap":{"0":{"name":"(anonymous_0)","decl":{"start":{"line":21,"column":27},"end":{"line":21,"column":28}},"loc":{"start":{"line":21,"column":37},"end":{"line":25,"column":9}}},"1":{"name":"(anonymous_1)","decl":{"start":{"line":27,"column":19},"end":{"line":27,"column":20}},"loc":{"start":{"line":27,"column":31},"end":{"line":41,"column":5}}},"2":{"name":"(anonymous_2)","decl":{"start":{"line":29,"column":50},"end":{"line":29,"column":51}},"loc":{"start":{"line":29,"column":60},"end":{"line":32,"column":13}}},"3":{"name":"(anonymous_3)","decl":{"start":{"line":33,"column":52},"end":{"line":33,"column":53}},"loc":{"start":{"line":33,"column":70},"end":{"line":36,"column":13}}},"4":{"name":"(anonymous_4)","decl":{"start":{"line":37,"column":51},"end":{"line":37,"column":52}},"loc":{"start":{"line":37,"column":69},"end":{"line":40,"column":13}}}},"branchMap":{"0":{"loc":{"start":{"line":39,"column":30},"end":{"line":39,"column":85}},"type":"binary-expr","locations":[{"start":{"line":39,"column":30},"end":{"line":39,"column":50}},{"start":{"line":39,"column":54},"end":{"line":39,"column":85}}]}},"s":{"0":1,"1":1,"2":1,"3":1,"4":0,"5":0,"6":0,"7":1,"8":0,"9":0,"10":0,"11":0,"12":0,"13":0,"14":1,"15":1},"f":{"0":0,"1":1,"2":0,"3":0,"4":0},"b":{"0":[0,0]}}
,"C:\\Users\\NAgrar01\\Projects\\react\\command_center_web\\src\\store\\slice\\roleFunctionsSlice.ts": {"path":"C:\\Users\\NAgrar01\\Projects\\react\\command_center_web\\src\\store\\slice\\roleFunctionsSlice.ts","statementMap":{"0":{"start":{"line":1,"column":0},"end":{"line":1,"column":47}},"1":{"start":{"line":2,"column":0},"end":{"line":2,"column":null}},"2":{"start":{"line":27,"column":42},"end":{"line":35,"column":2}},"3":{"start":{"line":37,"column":27},"end":{"line":106,"column":2}},"4":{"start":{"line":42,"column":12},"end":{"line":42,"column":65}},"5":{"start":{"line":46,"column":8},"end":{"line":48,"column":11}},"6":{"start":{"line":47,"column":12},"end":{"line":47,"column":35}},"7":{"start":{"line":49,"column":8},"end":{"line":52,"column":11}},"8":{"start":{"line":50,"column":12},"end":{"line":50,"column":36}},"9":{"start":{"line":51,"column":12},"end":{"line":51,"column":40}},"10":{"start":{"line":53,"column":8},"end":{"line":56,"column":11}},"11":{"start":{"line":54,"column":12},"end":{"line":54,"column":36}},"12":{"start":{"line":55,"column":12},"end":{"line":55,"column":39}},"13":{"start":{"line":58,"column":8},"end":{"line":60,"column":11}},"14":{"start":{"line":59,"column":12},"end":{"line":59,"column":35}},"15":{"start":{"line":61,"column":8},"end":{"line":64,"column":11}},"16":{"start":{"line":62,"column":12},"end":{"line":62,"column":36}},"17":{"start":{"line":63,"column":12},"end":{"line":63,"column":51}},"18":{"start":{"line":65,"column":8},"end":{"line":68,"column":11}},"19":{"start":{"line":66,"column":12},"end":{"line":66,"column":36}},"20":{"start":{"line":67,"column":12},"end":{"line":67,"column":39}},"21":{"start":{"line":70,"column":8},"end":{"line":72,"column":11}},"22":{"start":{"line":71,"column":12},"end":{"line":71,"column":35}},"23":{"start":{"line":73,"column":8},"end":{"line":76,"column":11}},"24":{"start":{"line":74,"column":12},"end":{"line":74,"column":36}},"25":{"start":{"line":75,"column":12},"end":{"line":75,"column":48}},"26":{"start":{"line":77,"column":8},"end":{"line":80,"column":11}},"27":{"start":{"line":78,"column":12},"end":{"line":78,"column":36}},"28":{"start":{"line":79,"column":12},"end":{"line":79,"column":39}},"29":{"start":{"line":82,"column":8},"end":{"line":84,"column":11}},"30":{"start":{"line":83,"column":12},"end":{"line":83,"column":35}},"31":{"start":{"line":85,"column":8},"end":{"line":88,"column":11}},"32":{"start":{"line":86,"column":12},"end":{"line":86,"column":36}},"33":{"start":{"line":87,"column":12},"end":{"line":87,"column":53}},"34":{"start":{"line":89,"column":8},"end":{"line":92,"column":11}},"35":{"start":{"line":90,"column":12},"end":{"line":90,"column":36}},"36":{"start":{"line":91,"column":12},"end":{"line":91,"column":39}},"37":{"start":{"line":94,"column":8},"end":{"line":96,"column":11}},"38":{"start":{"line":95,"column":12},"end":{"line":95,"column":35}},"39":{"start":{"line":97,"column":8},"end":{"line":100,"column":11}},"40":{"start":{"line":98,"column":12},"end":{"line":98,"column":36}},"41":{"start":{"line":99,"column":12},"end":{"line":99,"column":50}},"42":{"start":{"line":101,"column":8},"end":{"line":104,"column":11}},"43":{"start":{"line":102,"column":12},"end":{"line":102,"column":36}},"44":{"start":{"line":103,"column":12},"end":{"line":103,"column":39}},"45":{"start":{"line":107,"column":15},"end":{"line":107,"column":64}},"46":{"start":{"line":108,"column":0},"end":{"line":108,"column":42}}},"fnMap":{"0":{"name":"(anonymous_0)","decl":{"start":{"line":41,"column":8},"end":{"line":41,"column":25}},"loc":{"start":{"line":41,"column":31},"end":{"line":43,"column":9}}},"1":{"name":"(anonymous_1)","decl":{"start":{"line":45,"column":4},"end":{"line":45,"column":17}},"loc":{"start":{"line":45,"column":25},"end":{"line":105,"column":5}}},"2":{"name":"(anonymous_2)","decl":{"start":{"line":46,"column":52},"end":{"line":46,"column":57}},"loc":{"start":{"line":46,"column":60},"end":{"line":48,"column":9}}},"3":{"name":"(anonymous_3)","decl":{"start":{"line":49,"column":54},"end":{"line":49,"column":55}},"loc":{"start":{"line":49,"column":72},"end":{"line":52,"column":9}}},"4":{"name":"(anonymous_4)","decl":{"start":{"line":53,"column":53},"end":{"line":53,"column":54}},"loc":{"start":{"line":53,"column":71},"end":{"line":56,"column":9}}},"5":{"name":"(anonymous_5)","decl":{"start":{"line":58,"column":55},"end":{"line":58,"column":60}},"loc":{"start":{"line":58,"column":63},"end":{"line":60,"column":9}}},"6":{"name":"(anonymous_6)","decl":{"start":{"line":61,"column":57},"end":{"line":61,"column":58}},"loc":{"start":{"line":61,"column":75},"end":{"line":64,"column":9}}},"7":{"name":"(anonymous_7)","decl":{"start":{"line":65,"column":56},"end":{"line":65,"column":57}},"loc":{"start":{"line":65,"column":74},"end":{"line":68,"column":9}}},"8":{"name":"(anonymous_8)","decl":{"start":{"line":70,"column":52},"end":{"line":70,"column":57}},"loc":{"start":{"line":70,"column":60},"end":{"line":72,"column":9}}},"9":{"name":"(anonymous_9)","decl":{"start":{"line":73,"column":54},"end":{"line":73,"column":55}},"loc":{"start":{"line":73,"column":72},"end":{"line":76,"column":9}}},"10":{"name":"(anonymous_10)","decl":{"start":{"line":77,"column":53},"end":{"line":77,"column":54}},"loc":{"start":{"line":77,"column":71},"end":{"line":80,"column":9}}},"11":{"name":"(anonymous_11)","decl":{"start":{"line":82,"column":52},"end":{"line":82,"column":57}},"loc":{"start":{"line":82,"column":60},"end":{"line":84,"column":9}}},"12":{"name":"(anonymous_12)","decl":{"start":{"line":85,"column":54},"end":{"line":85,"column":55}},"loc":{"start":{"line":85,"column":72},"end":{"line":88,"column":9}}},"13":{"name":"(anonymous_13)","decl":{"start":{"line":89,"column":53},"end":{"line":89,"column":54}},"loc":{"start":{"line":89,"column":71},"end":{"line":92,"column":9}}},"14":{"name":"(anonymous_14)","decl":{"start":{"line":94,"column":49},"end":{"line":94,"column":54}},"loc":{"start":{"line":94,"column":57},"end":{"line":96,"column":9}}},"15":{"name":"(anonymous_15)","decl":{"start":{"line":97,"column":51},"end":{"line":97,"column":52}},"loc":{"start":{"line":97,"column":69},"end":{"line":100,"column":9}}},"16":{"name":"(anonymous_16)","decl":{"start":{"line":101,"column":50},"end":{"line":101,"column":51}},"loc":{"start":{"line":101,"column":68},"end":{"line":104,"column":9}}}},"branchMap":{},"s":{"0":1,"1":1,"2":1,"3":1,"4":0,"5":1,"6":0,"7":1,"8":0,"9":0,"10":1,"11":0,"12":0,"13":1,"14":0,"15":1,"16":0,"17":0,"18":1,"19":0,"20":0,"21":1,"22":0,"23":1,"24":0,"25":0,"26":1,"27":0,"28":0,"29":1,"30":0,"31":1,"32":0,"33":0,"34":1,"35":0,"36":0,"37":1,"38":0,"39":1,"40":0,"41":0,"42":1,"43":0,"44":0,"45":1,"46":1},"f":{"0":0,"1":1,"2":0,"3":0,"4":0,"5":0,"6":0,"7":0,"8":0,"9":0,"10":0,"11":0,"12":0,"13":0,"14":0,"15":0,"16":0},"b":{}}
,"C:\\Users\\NAgrar01\\Projects\\react\\command_center_web\\src\\store\\thunks\\fetchGeographicalInformation.ts": {"path":"C:\\Users\\NAgrar01\\Projects\\react\\command_center_web\\src\\store\\thunks\\fetchGeographicalInformation.ts","statementMap":{"0":{"start":{"line":1,"column":0},"end":{"line":1,"column":52}},"1":{"start":{"line":2,"column":0},"end":{"line":2,"column":44}},"2":{"start":{"line":4,"column":32},"end":{"line":7,"column":2}},"3":{"start":{"line":5,"column":21},"end":{"line":5,"column":55}},"4":{"start":{"line":6,"column":4},"end":{"line":6,"column":30}},"5":{"start":{"line":34,"column":4},"end":{"line":34,"column":27}},"6":{"start":{"line":9,"column":34},"end":{"line":14,"column":null}},"7":{"start":{"line":12,"column":25},"end":{"line":12,"column":69}},"8":{"start":{"line":13,"column":8},"end":{"line":13,"column":34}},"9":{"start":{"line":35,"column":4},"end":{"line":35,"column":29}},"10":{"start":{"line":17,"column":33},"end":{"line":22,"column":null}},"11":{"start":{"line":20,"column":25},"end":{"line":20,"column":68}},"12":{"start":{"line":21,"column":8},"end":{"line":21,"column":34}},"13":{"start":{"line":36,"column":4},"end":{"line":36,"column":28}},"14":{"start":{"line":25,"column":31},"end":{"line":30,"column":null}},"15":{"start":{"line":28,"column":25},"end":{"line":28,"column":66}},"16":{"start":{"line":29,"column":8},"end":{"line":29,"column":34}},"17":{"start":{"line":37,"column":4},"end":{"line":37,"column":26}}},"fnMap":{"0":{"name":"(anonymous_0)","decl":{"start":{"line":4,"column":83},"end":{"line":4,"column":88}},"loc":{"start":{"line":4,"column":94},"end":{"line":7,"column":1}}},"1":{"name":"(anonymous_1)","decl":{"start":{"line":11,"column":4},"end":{"line":11,"column":9}},"loc":{"start":{"line":11,"column":44},"end":{"line":14,"column":5}}},"2":{"name":"(anonymous_2)","decl":{"start":{"line":19,"column":4},"end":{"line":19,"column":9}},"loc":{"start":{"line":19,"column":45},"end":{"line":22,"column":5}}},"3":{"name":"(anonymous_3)","decl":{"start":{"line":27,"column":4},"end":{"line":27,"column":9}},"loc":{"start":{"line":27,"column":44},"end":{"line":30,"column":5}}}},"branchMap":{},"s":{"0":1,"1":1,"2":1,"3":0,"4":0,"5":1,"6":1,"7":0,"8":0,"9":1,"10":1,"11":0,"12":0,"13":1,"14":1,"15":0,"16":0,"17":1},"f":{"0":0,"1":0,"2":0,"3":0},"b":{}}
,"C:\\Users\\NAgrar01\\Projects\\react\\command_center_web\\src\\store\\thunks\\fetchLastRefreshDate.ts": {"path":"C:\\Users\\NAgrar01\\Projects\\react\\command_center_web\\src\\store\\thunks\\fetchLastRefreshDate.ts","statementMap":{"0":{"start":{"line":1,"column":0},"end":{"line":1,"column":52}},"1":{"start":{"line":2,"column":0},"end":{"line":2,"column":44}},"2":{"start":{"line":4,"column":29},"end":{"line":7,"column":2}},"3":{"start":{"line":5,"column":21},"end":{"line":5,"column":66}},"4":{"start":{"line":6,"column":4},"end":{"line":6,"column":30}},"5":{"start":{"line":9,"column":9},"end":{"line":9,"column":29}}},"fnMap":{"0":{"name":"(anonymous_0)","decl":{"start":{"line":4,"column":77},"end":{"line":4,"column":82}},"loc":{"start":{"line":4,"column":88},"end":{"line":7,"column":1}}}},"branchMap":{},"s":{"0":1,"1":1,"2":1,"3":0,"4":0,"5":1},"f":{"0":0},"b":{}}
,"C:\\Users\\NAgrar01\\Projects\\react\\command_center_web\\src\\store\\thunks\\fetchProfilePicture.ts": {"path":"C:\\Users\\NAgrar01\\Projects\\react\\command_center_web\\src\\store\\thunks\\fetchProfilePicture.ts","statementMap":{"0":{"start":{"line":1,"column":0},"end":{"line":1,"column":52}},"1":{"start":{"line":3,"column":28},"end":{"line":24,"column":null}},"2":{"start":{"line":6,"column":24},"end":{"line":6,"column":37}},"3":{"start":{"line":7,"column":8},"end":{"line":7,"column":70}},"4":{"start":{"line":9,"column":25},"end":{"line":14,"column":null}},"5":{"start":{"line":17,"column":8},"end":{"line":19,"column":9}},"6":{"start":{"line":18,"column":12},"end":{"line":18,"column":82}},"7":{"start":{"line":21,"column":26},"end":{"line":21,"column":47}},"8":{"start":{"line":22,"column":25},"end":{"line":22,"column":55}},"9":{"start":{"line":23,"column":8},"end":{"line":23,"column":24}},"10":{"start":{"line":27,"column":9},"end":{"line":27,"column":28}}},"fnMap":{"0":{"name":"(anonymous_0)","decl":{"start":{"line":5,"column":4},"end":{"line":5,"column":9}},"loc":{"start":{"line":5,"column":95},"end":{"line":24,"column":5}}}},"branchMap":{"0":{"loc":{"start":{"line":17,"column":8},"end":{"line":19,"column":9}},"type":"if","locations":[{"start":{"line":17,"column":8},"end":{"line":19,"column":9}}]}},"s":{"0":1,"1":1,"2":0,"3":0,"4":0,"5":0,"6":0,"7":0,"8":0,"9":0,"10":1},"f":{"0":0},"b":{"0":[0]}}
,"C:\\Users\\NAgrar01\\Projects\\react\\command_center_web\\src\\store\\thunks\\fetchRoleFunctions.ts": {"path":"C:\\Users\\NAgrar01\\Projects\\react\\command_center_web\\src\\store\\thunks\\fetchRoleFunctions.ts","statementMap":{"0":{"start":{"line":1,"column":0},"end":{"line":1,"column":52}},"1":{"start":{"line":2,"column":0},"end":{"line":2,"column":44}},"2":{"start":{"line":4,"column":27},"end":{"line":7,"column":2}},"3":{"start":{"line":5,"column":21},"end":{"line":5,"column":57}},"4":{"start":{"line":6,"column":4},"end":{"line":6,"column":30}},"5":{"start":{"line":36,"column":4},"end":{"line":36,"column":22}},"6":{"start":{"line":9,"column":30},"end":{"line":14,"column":null}},"7":{"start":{"line":12,"column":25},"end":{"line":12,"column":74}},"8":{"start":{"line":13,"column":8},"end":{"line":13,"column":34}},"9":{"start":{"line":37,"column":4},"end":{"line":37,"column":25}},"10":{"start":{"line":17,"column":27},"end":{"line":20,"column":2}},"11":{"start":{"line":18,"column":21},"end":{"line":18,"column":59}},"12":{"start":{"line":19,"column":4},"end":{"line":19,"column":30}},"13":{"start":{"line":38,"column":4},"end":{"line":38,"column":22}},"14":{"start":{"line":22,"column":27},"end":{"line":27,"column":null}},"15":{"start":{"line":25,"column":25},"end":{"line":25,"column":86}},"16":{"start":{"line":26,"column":8},"end":{"line":26,"column":34}},"17":{"start":{"line":39,"column":4},"end":{"line":39,"column":22}},"18":{"start":{"line":30,"column":24},"end":{"line":33,"column":2}},"19":{"start":{"line":31,"column":21},"end":{"line":31,"column":59}},"20":{"start":{"line":32,"column":4},"end":{"line":32,"column":30}},"21":{"start":{"line":40,"column":4},"end":{"line":40,"column":19}}},"fnMap":{"0":{"name":"(anonymous_0)","decl":{"start":{"line":4,"column":73},"end":{"line":4,"column":78}},"loc":{"start":{"line":4,"column":84},"end":{"line":7,"column":1}}},"1":{"name":"(anonymous_1)","decl":{"start":{"line":11,"column":4},"end":{"line":11,"column":9}},"loc":{"start":{"line":11,"column":46},"end":{"line":14,"column":5}}},"2":{"name":"(anonymous_2)","decl":{"start":{"line":17,"column":73},"end":{"line":17,"column":78}},"loc":{"start":{"line":17,"column":84},"end":{"line":20,"column":1}}},"3":{"name":"(anonymous_3)","decl":{"start":{"line":24,"column":4},"end":{"line":24,"column":9}},"loc":{"start":{"line":24,"column":95},"end":{"line":27,"column":5}}},"4":{"name":"(anonymous_4)","decl":{"start":{"line":30,"column":67},"end":{"line":30,"column":72}},"loc":{"start":{"line":30,"column":78},"end":{"line":33,"column":1}}}},"branchMap":{},"s":{"0":1,"1":1,"2":1,"3":0,"4":0,"5":1,"6":1,"7":0,"8":0,"9":1,"10":1,"11":0,"12":0,"13":1,"14":1,"15":0,"16":0,"17":1,"18":1,"19":0,"20":0,"21":1},"f":{"0":0,"1":0,"2":0,"3":0,"4":0},"b":{}}
,"C:\\Users\\NAgrar01\\Projects\\react\\command_center_web\\src\\utils\\constants.ts": {"path":"C:\\Users\\NAgrar01\\Projects\\react\\command_center_web\\src\\utils\\constants.ts","statementMap":{"0":{"start":{"line":1,"column":0},"end":{"line":1,"column":55}},"1":{"start":{"line":3,"column":0},"end":{"line":3,"column":null}},"2":{"start":{"line":4,"column":4},"end":{"line":4,"column":null}},"3":{"start":{"line":5,"column":4},"end":{"line":5,"column":null}},"4":{"start":{"line":6,"column":4},"end":{"line":6,"column":null}},"5":{"start":{"line":7,"column":4},"end":{"line":7,"column":null}},"6":{"start":{"line":10,"column":13},"end":{"line":10,"column":36}},"7":{"start":{"line":12,"column":13},"end":{"line":12,"column":50}},"8":{"start":{"line":14,"column":13},"end":{"line":14,"column":51}},"9":{"start":{"line":15,"column":13},"end":{"line":15,"column":60}},"10":{"start":{"line":16,"column":13},"end":{"line":16,"column":43}},"11":{"start":{"line":17,"column":13},"end":{"line":17,"column":54}},"12":{"start":{"line":18,"column":13},"end":{"line":18,"column":53}},"13":{"start":{"line":20,"column":13},"end":{"line":35,"column":2}},"14":{"start":{"line":37,"column":13},"end":{"line":37,"column":46}},"15":{"start":{"line":39,"column":13},"end":{"line":39,"column":66}},"16":{"start":{"line":40,"column":13},"end":{"line":40,"column":63}},"17":{"start":{"line":42,"column":13},"end":{"line":45,"column":2}}},"fnMap":{"0":{"name":"(anonymous_0)","decl":{"start":{"line":3,"column":0},"end":{"line":3,"column":12}},"loc":{"start":{"line":3,"column":23},"end":{"line":8,"column":1}}}},"branchMap":{"0":{"loc":{"start":{"line":3,"column":12},"end":{"line":3,"column":null}},"type":"binary-expr","locations":[{"start":{"line":3,"column":12},"end":{"line":3,"column":23}},{"start":{"line":3,"column":23},"end":{"line":3,"column":null}}]}},"s":{"0":1,"1":1,"2":1,"3":1,"4":1,"5":1,"6":1,"7":1,"8":1,"9":1,"10":1,"11":1,"12":1,"13":1,"14":1,"15":1,"16":1,"17":1},"f":{"0":1},"b":{"0":[1,1]}}
,"C:\\Users\\NAgrar01\\Projects\\react\\command_center_web\\src\\utils\\helpers.ts": {"path":"C:\\Users\\NAgrar01\\Projects\\react\\command_center_web\\src\\utils\\helpers.ts","statementMap":{"0":{"start":{"line":62,"column":0},"end":{"line":62,"column":16}},"1":{"start":{"line":124,"column":0},"end":{"line":124,"column":16}},"2":{"start":{"line":136,"column":0},"end":{"line":136,"column":16}},"3":{"start":{"line":2,"column":0},"end":{"line":2,"column":26}},"4":{"start":{"line":3,"column":0},"end":{"line":3,"column":null}},"5":{"start":{"line":10,"column":13},"end":{"line":10,"column":46}},"6":{"start":{"line":11,"column":0},"end":{"line":11,"column":35}},"7":{"start":{"line":13,"column":0},"end":{"line":13,"column":18}},"8":{"start":{"line":16,"column":30},"end":{"line":32,"column":1}},"9":{"start":{"line":17,"column":31},"end":{"line":17,"column":33}},"10":{"start":{"line":18,"column":4},"end":{"line":30,"column":7}},"11":{"start":{"line":19,"column":8},"end":{"line":29,"column":9}},"12":{"start":{"line":20,"column":12},"end":{"line":23,"column":15}},"13":{"start":{"line":25,"column":12},"end":{"line":28,"column":15}},"14":{"start":{"line":31,"column":4},"end":{"line":31,"column":23}},"15":{"start":{"line":16,"column":13},"end":{"line":16,"column":30}},"16":{"start":{"line":35,"column":36},"end":{"line":37,"column":1}},"17":{"start":{"line":36,"column":4},"end":{"line":36,"column":64}},"18":{"start":{"line":35,"column":13},"end":{"line":35,"column":36}},"19":{"start":{"line":40,"column":35},"end":{"line":47,"column":1}},"20":{"start":{"line":41,"column":24},"end":{"line":44,"column":18}},"21":{"start":{"line":42,"column":23},"end":{"line":42,"column":72}},"22":{"start":{"line":43,"column":20},"end":{"line":43,"column":83}},"23":{"start":{"line":46,"column":4},"end":{"line":46,"column":48}},"24":{"start":{"line":40,"column":13},"end":{"line":40,"column":35}},"25":{"start":{"line":50,"column":30},"end":{"line":53,"column":1}},"26":{"start":{"line":51,"column":18},"end":{"line":51,"column":28}},"27":{"start":{"line":52,"column":4},"end":{"line":52,"column":43}},"28":{"start":{"line":50,"column":13},"end":{"line":50,"column":30}},"29":{"start":{"line":56,"column":31},"end":{"line":59,"column":1}},"30":{"start":{"line":57,"column":18},"end":{"line":57,"column":28}},"31":{"start":{"line":58,"column":4},"end":{"line":58,"column":44}},"32":{"start":{"line":56,"column":13},"end":{"line":56,"column":31}},"33":{"start":{"line":63,"column":23},"end":{"line":63,"column":34}},"34":{"start":{"line":64,"column":20},"end":{"line":64,"column":28}},"35":{"start":{"line":65,"column":20},"end":{"line":65,"column":28}},"36":{"start":{"line":66,"column":4},"end":{"line":71,"column":18}},"37":{"start":{"line":69,"column":18},"end":{"line":69,"column":82}},"38":{"start":{"line":75,"column":26},"end":{"line":84,"column":1}},"39":{"start":{"line":76,"column":30},"end":{"line":76,"column":46}},"40":{"start":{"line":77,"column":4},"end":{"line":83,"column":5}},"41":{"start":{"line":78,"column":8},"end":{"line":78,"column":30}},"42":{"start":{"line":79,"column":11},"end":{"line":83,"column":5}},"43":{"start":{"line":80,"column":8},"end":{"line":80,"column":31}},"44":{"start":{"line":82,"column":8},"end":{"line":82,"column":27}},"45":{"start":{"line":75,"column":13},"end":{"line":75,"column":26}},"46":{"start":{"line":87,"column":38},"end":{"line":90,"column":1}},"47":{"start":{"line":88,"column":26},"end":{"line":88,"column":48}},"48":{"start":{"line":89,"column":4},"end":{"line":89,"column":25}},"49":{"start":{"line":87,"column":13},"end":{"line":87,"column":38}},"50":{"start":{"line":93,"column":34},"end":{"line":95,"column":1}},"51":{"start":{"line":94,"column":4},"end":{"line":94,"column":53}},"52":{"start":{"line":93,"column":13},"end":{"line":93,"column":34}},"53":{"start":{"line":98,"column":38},"end":{"line":100,"column":1}},"54":{"start":{"line":99,"column":4},"end":{"line":99,"column":58}},"55":{"start":{"line":98,"column":13},"end":{"line":98,"column":38}},"56":{"start":{"line":103,"column":39},"end":{"line":121,"column":1}},"57":{"start":{"line":104,"column":25},"end":{"line":104,"column":71}},"58":{"start":{"line":104,"column":63},"end":{"line":104,"column":70}},"59":{"start":{"line":105,"column":24},"end":{"line":118,"column":6}},"60":{"start":{"line":107,"column":49},"end":{"line":117,"column":10}},"61":{"start":{"line":111,"column":20},"end":{"line":111,"column":71}},"62":{"start":{"line":111,"column":55},"end":{"line":111,"column":71}},"63":{"start":{"line":112,"column":20},"end":{"line":112,"column":66}},"64":{"start":{"line":112,"column":53},"end":{"line":112,"column":66}},"65":{"start":{"line":113,"column":20},"end":{"line":113,"column":72}},"66":{"start":{"line":120,"column":4},"end":{"line":120,"column":23}},"67":{"start":{"line":103,"column":13},"end":{"line":103,"column":39}},"68":{"start":{"line":125,"column":22},"end":{"line":125,"column":46}},"69":{"start":{"line":126,"column":16},"end":{"line":126,"column":44}},"70":{"start":{"line":128,"column":4},"end":{"line":132,"column":5}},"71":{"start":{"line":129,"column":8},"end":{"line":129,"column":74}},"72":{"start":{"line":131,"column":8},"end":{"line":131,"column":68}},"73":{"start":{"line":137,"column":28},"end":{"line":137,"column":52}},"74":{"start":{"line":138,"column":4},"end":{"line":143,"column":6}},"75":{"start":{"line":141,"column":25},"end":{"line":141,"column":53}}},"fnMap":{"0":{"name":"(anonymous_1)","decl":{"start":{"line":16,"column":30},"end":{"line":16,"column":31}},"loc":{"start":{"line":16,"column":74},"end":{"line":32,"column":1}}},"1":{"name":"(anonymous_2)","decl":{"start":{"line":18,"column":14},"end":{"line":18,"column":25}},"loc":{"start":{"line":18,"column":28},"end":{"line":30,"column":5}}},"2":{"name":"(anonymous_3)","decl":{"start":{"line":35,"column":36},"end":{"line":35,"column":37}},"loc":{"start":{"line":35,"column":63},"end":{"line":37,"column":1}}},"3":{"name":"(anonymous_4)","decl":{"start":{"line":40,"column":35},"end":{"line":40,"column":36}},"loc":{"start":{"line":40,"column":51},"end":{"line":47,"column":1}}},"4":{"name":"(anonymous_5)","decl":{"start":{"line":42,"column":16},"end":{"line":42,"column":19}},"loc":{"start":{"line":42,"column":23},"end":{"line":42,"column":72}}},"5":{"name":"(anonymous_6)","decl":{"start":{"line":43,"column":13},"end":{"line":43,"column":16}},"loc":{"start":{"line":43,"column":20},"end":{"line":43,"column":83}}},"6":{"name":"(anonymous_7)","decl":{"start":{"line":50,"column":30},"end":{"line":50,"column":33}},"loc":{"start":{"line":50,"column":35},"end":{"line":53,"column":1}}},"7":{"name":"(anonymous_8)","decl":{"start":{"line":56,"column":31},"end":{"line":56,"column":34}},"loc":{"start":{"line":56,"column":36},"end":{"line":59,"column":1}}},"8":{"name":"checkDeepEqualityOfObjects","decl":{"start":{"line":62,"column":16},"end":{"line":62,"column":42}},"loc":{"start":{"line":62,"column":56},"end":{"line":72,"column":1}}},"9":{"name":"(anonymous_10)","decl":{"start":{"line":68,"column":34},"end":{"line":68,"column":35}},"loc":{"start":{"line":69,"column":18},"end":{"line":69,"column":82}}},"10":{"name":"(anonymous_11)","decl":{"start":{"line":75,"column":26},"end":{"line":75,"column":27}},"loc":{"start":{"line":75,"column":43},"end":{"line":84,"column":1}}},"11":{"name":"(anonymous_12)","decl":{"start":{"line":87,"column":38},"end":{"line":87,"column":39}},"loc":{"start":{"line":87,"column":56},"end":{"line":90,"column":1}}},"12":{"name":"(anonymous_13)","decl":{"start":{"line":93,"column":34},"end":{"line":93,"column":52}},"loc":{"start":{"line":93,"column":54},"end":{"line":95,"column":1}}},"13":{"name":"(anonymous_14)","decl":{"start":{"line":98,"column":38},"end":{"line":98,"column":56}},"loc":{"start":{"line":98,"column":58},"end":{"line":100,"column":1}}},"14":{"name":"(anonymous_15)","decl":{"start":{"line":103,"column":39},"end":{"line":103,"column":40}},"loc":{"start":{"line":103,"column":60},"end":{"line":121,"column":1}}},"15":{"name":"(anonymous_16)","decl":{"start":{"line":104,"column":52},"end":{"line":104,"column":59}},"loc":{"start":{"line":104,"column":63},"end":{"line":104,"column":70}}},"16":{"name":"(anonymous_17)","decl":{"start":{"line":107,"column":28},"end":{"line":107,"column":29}},"loc":{"start":{"line":107,"column":49},"end":{"line":117,"column":10}}},"17":{"name":"(anonymous_18)","decl":{"start":{"line":110,"column":21},"end":{"line":110,"column":25}},"loc":{"start":{"line":110,"column":28},"end":{"line":114,"column":17}}},"18":{"name":"formatLastRefreshedDate","decl":{"start":{"line":124,"column":16},"end":{"line":124,"column":39}},"loc":{"start":{"line":124,"column":61},"end":{"line":133,"column":1}}},"19":{"name":"getUserNameInitials","decl":{"start":{"line":136,"column":16},"end":{"line":136,"column":35}},"loc":{"start":{"line":136,"column":35},"end":{"line":144,"column":1}}},"20":{"name":"(anonymous_21)","decl":{"start":{"line":141,"column":17},"end":{"line":141,"column":21}},"loc":{"start":{"line":141,"column":25},"end":{"line":141,"column":53}}}},"branchMap":{"0":{"loc":{"start":{"line":19,"column":8},"end":{"line":29,"column":9}},"type":"if","locations":[{"start":{"line":19,"column":8},"end":{"line":29,"column":9}},{"start":{"line":24,"column":15},"end":{"line":29,"column":9}}]},"1":{"loc":{"start":{"line":36,"column":11},"end":{"line":36,"column":63}},"type":"cond-expr","locations":[{"start":{"line":36,"column":29},"end":{"line":36,"column":57}},{"start":{"line":36,"column":60},"end":{"line":36,"column":63}}]},"2":{"loc":{"start":{"line":42,"column":23},"end":{"line":42,"column":72}},"type":"binary-expr","locations":[{"start":{"line":42,"column":23},"end":{"line":42,"column":48}},{"start":{"line":42,"column":52},"end":{"line":42,"column":72}}]},"3":{"loc":{"start":{"line":46,"column":11},"end":{"line":46,"column":47}},"type":"cond-expr","locations":[{"start":{"line":46,"column":25},"end":{"line":46,"column":42}},{"start":{"line":46,"column":45},"end":{"line":46,"column":47}}]},"4":{"loc":{"start":{"line":66,"column":11},"end":{"line":71,"column":17}},"type":"cond-expr","locations":[{"start":{"line":67,"column":10},"end":{"line":69,"column":null}},{"start":{"line":71,"column":10},"end":{"line":71,"column":17}}]},"5":{"loc":{"start":{"line":66,"column":11},"end":{"line":66,"column":64}},"type":"binary-expr","locations":[{"start":{"line":66,"column":11},"end":{"line":66,"column":12}},{"start":{"line":66,"column":16},"end":{"line":66,"column":17}},{"start":{"line":66,"column":21},"end":{"line":66,"column":41}},{"start":{"line":66,"column":45},"end":{"line":66,"column":64}}]},"6":{"loc":{"start":{"line":67,"column":10},"end":{"line":69,"column":null}},"type":"binary-expr","locations":[{"start":{"line":67,"column":10},"end":{"line":67,"column":55}},{"start":{"line":68,"column":14},"end":{"line":69,"column":null}}]},"7":{"loc":{"start":{"line":77,"column":4},"end":{"line":83,"column":5}},"type":"if","locations":[{"start":{"line":77,"column":4},"end":{"line":83,"column":5}},{"start":{"line":79,"column":11},"end":{"line":83,"column":5}}]},"8":{"loc":{"start":{"line":79,"column":11},"end":{"line":83,"column":5}},"type":"if","locations":[{"start":{"line":79,"column":11},"end":{"line":83,"column":5}},{"start":{"line":81,"column":11},"end":{"line":83,"column":5}}]},"9":{"loc":{"start":{"line":111,"column":20},"end":{"line":111,"column":71}},"type":"if","locations":[{"start":{"line":111,"column":20},"end":{"line":111,"column":71}}]},"10":{"loc":{"start":{"line":112,"column":20},"end":{"line":112,"column":66}},"type":"if","locations":[{"start":{"line":112,"column":20},"end":{"line":112,"column":66}}]},"11":{"loc":{"start":{"line":128,"column":4},"end":{"line":132,"column":5}},"type":"if","locations":[{"start":{"line":128,"column":4},"end":{"line":132,"column":5}},{"start":{"line":130,"column":11},"end":{"line":132,"column":5}}]},"12":{"loc":{"start":{"line":139,"column":8},"end":{"line":142,"column":27}},"type":"binary-expr","locations":[{"start":{"line":139,"column":8},"end":{"line":142,"column":21}},{"start":{"line":142,"column":25},"end":{"line":142,"column":27}}]},"13":{"loc":{"start":{"line":141,"column":25},"end":{"line":141,"column":53}},"type":"binary-expr","locations":[{"start":{"line":141,"column":25},"end":{"line":141,"column":47}},{"start":{"line":141,"column":51},"end":{"line":141,"column":53}}]}},"s":{"0":1,"1":1,"2":1,"3":1,"4":1,"5":1,"6":1,"7":1,"8":1,"9":0,"10":0,"11":0,"12":0,"13":0,"14":0,"15":1,"16":1,"17":0,"18":1,"19":1,"20":0,"21":0,"22":0,"23":0,"24":1,"25":1,"26":0,"27":0,"28":1,"29":1,"30":0,"31":0,"32":1,"33":0,"34":0,"35":0,"36":0,"37":0,"38":1,"39":0,"40":0,"41":0,"42":0,"43":0,"44":0,"45":1,"46":1,"47":0,"48":0,"49":1,"50":1,"51":0,"52":1,"53":1,"54":0,"55":1,"56":1,"57":0,"58":0,"59":0,"60":0,"61":0,"62":0,"63":0,"64":0,"65":0,"66":0,"67":1,"68":0,"69":0,"70":0,"71":0,"72":0,"73":0,"74":0,"75":0},"f":{"0":0,"1":0,"2":0,"3":0,"4":0,"5":0,"6":0,"7":0,"8":0,"9":0,"10":0,"11":0,"12":0,"13":0,"14":0,"15":0,"16":0,"17":0,"18":0,"19":0,"20":0},"b":{"0":[0,0],"1":[0,0],"2":[0,0],"3":[0,0],"4":[0,0],"5":[0,0,0,0],"6":[0,0],"7":[0,0],"8":[0,0],"9":[0],"10":[0],"11":[0,0],"12":[0,0],"13":[0,0]}}
}
