TN:
SF:src\assets\icons\icons.tsx
FN:1,(anonymous_0)
FN:21,(anonymous_1)
FN:50,(anonymous_2)
FN:92,(anonymous_3)
FN:128,(anonymous_4)
FN:145,(anonymous_5)
FN:164,(anonymous_6)
FN:183,(anonymous_7)
FN:210,(anonymous_8)
FN:239,(anonymous_9)
FN:257,(anonymous_10)
FN:300,(anonymous_11)
FN:333,(anonymous_12)
FN:377,(anonymous_13)
FN:410,(anonymous_14)
FN:439,(anonymous_15)
FN:485,(anonymous_16)
FN:526,(anonymous_17)
FN:567,(anonymous_18)
FN:600,(anonymous_19)
FN:637,(anonymous_20)
FNF:21
FNH:0
FNDA:0,(anonymous_0)
FNDA:0,(anonymous_1)
FNDA:0,(anonymous_2)
FNDA:0,(anonymous_3)
FNDA:0,(anonymous_4)
FNDA:0,(anonymous_5)
FNDA:0,(anonymous_6)
FNDA:0,(anonymous_7)
FNDA:0,(anonymous_8)
FNDA:0,(anonymous_9)
FNDA:0,(anonymous_10)
FNDA:0,(anonymous_11)
FNDA:0,(anonymous_12)
FNDA:0,(anonymous_13)
FNDA:0,(anonymous_14)
FNDA:0,(anonymous_15)
FNDA:0,(anonymous_16)
FNDA:0,(anonymous_17)
FNDA:0,(anonymous_18)
FNDA:0,(anonymous_19)
FNDA:0,(anonymous_20)
DA:1,1
DA:2,0
DA:21,1
DA:22,0
DA:50,1
DA:51,0
DA:92,1
DA:93,0
DA:128,1
DA:129,0
DA:145,1
DA:146,0
DA:164,1
DA:165,0
DA:183,1
DA:184,0
DA:210,1
DA:211,0
DA:239,1
DA:240,0
DA:257,1
DA:258,0
DA:300,1
DA:301,0
DA:333,1
DA:334,0
DA:377,1
DA:378,0
DA:410,1
DA:411,0
DA:439,1
DA:440,0
DA:485,1
DA:486,0
DA:526,1
DA:527,0
DA:567,1
DA:568,0
DA:600,1
DA:601,0
DA:637,1
DA:638,0
LF:42
LH:21
BRDA:637,0,0,0
BRDA:637,1,0,0
BRF:2
BRH:0
end_of_record
TN:
SF:src\assets\images\images.tsx
FN:1,(anonymous_0)
FN:292,(anonymous_1)
FN:505,(anonymous_2)
FN:546,(anonymous_3)
FN:710,(anonymous_4)
FN:866,(anonymous_5)
FNF:6
FNH:0
FNDA:0,(anonymous_0)
FNDA:0,(anonymous_1)
FNDA:0,(anonymous_2)
FNDA:0,(anonymous_3)
FNDA:0,(anonymous_4)
FNDA:0,(anonymous_5)
DA:1,1
DA:2,0
DA:292,1
DA:293,0
DA:505,1
DA:506,0
DA:546,1
DA:547,0
DA:710,1
DA:711,0
DA:866,1
DA:867,0
LF:12
LH:6
BRF:0
BRH:0
end_of_record
TN:
SF:src\components\atoms\index.ts
FNF:0
FNH:0
DA:1,1
DA:2,1
DA:3,1
DA:5,1
LF:4
LH:4
BRF:0
BRH:0
end_of_record
TN:
SF:src\components\atoms\card\Card.tsx
FN:10,Card
FNF:1
FNH:0
FNDA:0,Card
DA:1,1
DA:11,0
DA:20,1
LF:3
LH:2
BRDA:14,0,0,0
BRDA:14,0,1,0
BRF:2
BRH:0
end_of_record
TN:
SF:src\components\atoms\label\Label.tsx
FN:3,Label
FNF:1
FNH:0
FNDA:0,Label
DA:1,1
DA:4,0
DA:7,1
LF:3
LH:2
BRF:0
BRH:0
end_of_record
TN:
SF:src\components\atoms\text-button\TextButton.tsx
FN:7,TextButton
FNF:1
FNH:0
FNDA:0,TextButton
DA:1,1
DA:8,0
DA:15,1
LF:3
LH:2
BRF:0
BRH:0
end_of_record
TN:
SF:src\components\molecules\index.ts
FNF:0
FNH:0
DA:1,1
DA:2,1
DA:3,1
DA:4,1
DA:6,1
LF:5
LH:5
BRF:0
BRH:0
end_of_record
TN:
SF:src\components\molecules\expandable-form\ExpandableForm.tsx
FN:14,ExpandableForm
FN:53,(anonymous_2)
FNF:2
FNH:0
FNDA:0,ExpandableForm
FNDA:0,(anonymous_2)
DA:1,1
DA:2,1
DA:3,1
DA:22,0
DA:53,0
DA:72,1
LF:6
LH:4
BRDA:17,0,0,0
BRDA:20,1,0,0
BRDA:25,2,0,0
BRDA:25,2,1,0
BRDA:33,3,0,0
BRDA:33,3,1,0
BRDA:43,4,0,0
BRDA:43,4,1,0
BRDA:53,5,0,0
BRDA:53,5,1,0
BRDA:57,6,0,0
BRDA:57,6,1,0
BRDA:64,7,0,0
BRDA:64,7,1,0
BRF:14
BRH:0
end_of_record
TN:
SF:src\components\molecules\navbar\Navbar.tsx
FN:11,Navbar
FN:14,onClickHandlerForNavbarItem
FN:16,(anonymous_3)
FN:40,(anonymous_4)
FN:45,(anonymous_5)
FNF:5
FNH:0
FNDA:0,Navbar
FNDA:0,onClickHandlerForNavbarItem
FNDA:0,(anonymous_3)
FNDA:0,(anonymous_4)
FNDA:0,(anonymous_5)
DA:1,1
DA:2,1
DA:3,1
DA:4,1
DA:6,1
DA:7,1
DA:8,1
DA:9,1
DA:12,0
DA:16,0
DA:18,0
DA:41,0
DA:46,0
DA:59,1
LF:14
LH:9
BRDA:22,0,0,0
BRDA:22,0,1,0
BRDA:46,1,0,0
BRDA:46,1,1,0
BRF:4
BRH:0
end_of_record
TN:
SF:src\components\molecules\quick-link-widget\QuickLinkWidget.tsx
FN:11,QuickLinkWidget
FNF:1
FNH:0
FNDA:0,QuickLinkWidget
DA:1,1
DA:2,1
DA:3,1
DA:4,1
DA:9,1
DA:12,0
DA:62,1
LF:7
LH:6
BRF:0
BRH:0
end_of_record
TN:
SF:src\components\molecules\user-profile-settings-roles-card\UserProfileSettingsRolesCard.tsx
FN:17,RolesCardRightContent
FN:22,(anonymous_2)
FN:47,UserProfileSettingsRolesCard
FN:54,(anonymous_4)
FN:57,(anonymous_5)
FN:61,(anonymous_6)
FN:63,(anonymous_7)
FN:69,(anonymous_8)
FN:74,(anonymous_9)
FNF:9
FNH:0
FNDA:0,RolesCardRightContent
FNDA:0,(anonymous_2)
FNDA:0,UserProfileSettingsRolesCard
FNDA:0,(anonymous_4)
FNDA:0,(anonymous_5)
FNDA:0,(anonymous_6)
FNDA:0,(anonymous_7)
FNDA:0,(anonymous_8)
FNDA:0,(anonymous_9)
DA:1,1
DA:2,1
DA:3,1
DA:4,1
DA:5,1
DA:17,1
DA:22,0
DA:23,0
DA:24,0
DA:25,0
DA:26,0
DA:32,0
DA:36,0
DA:52,0
DA:54,0
DA:55,0
DA:57,0
DA:61,0
DA:63,0
DA:64,0
DA:65,0
DA:69,0
DA:70,0
DA:71,0
DA:74,0
DA:75,0
DA:76,0
DA:79,0
DA:130,1
LF:29
LH:7
BRDA:23,0,0,0
BRDA:23,0,1,0
BRDA:25,1,0,0
BRDA:25,1,1,0
BRDA:36,2,0,0
BRDA:36,2,1,0
BRDA:88,3,0,0
BRDA:88,3,1,0
BRDA:101,4,0,0
BRDA:101,4,1,0
BRDA:112,5,0,0
BRDA:112,5,1,0
BRF:12
BRH:0
end_of_record
TN:
SF:src\components\organisms\role-selection-popup\RoleSelectionPopup.tsx
FN:18,RoleSelectionPopup
FN:34,(anonymous_2)
FN:39,(anonymous_3)
FN:45,(anonymous_4)
FN:60,(anonymous_5)
FN:66,(anonymous_6)
FN:71,(anonymous_7)
FN:79,(anonymous_8)
FN:88,(anonymous_9)
FN:97,(anonymous_10)
FN:102,(anonymous_11)
FN:116,(anonymous_12)
FN:122,(anonymous_13)
FN:136,(anonymous_14)
FN:150,(anonymous_15)
FN:152,(anonymous_16)
FN:160,(anonymous_17)
FN:168,(anonymous_18)
FN:176,(anonymous_19)
FN:195,(anonymous_20)
FN:205,(anonymous_21)
FN:220,(anonymous_22)
FN:240,(anonymous_23)
FN:276,(anonymous_24)
FN:327,(anonymous_25)
FN:335,(anonymous_26)
FNF:26
FNH:0
FNDA:0,RoleSelectionPopup
FNDA:0,(anonymous_2)
FNDA:0,(anonymous_3)
FNDA:0,(anonymous_4)
FNDA:0,(anonymous_5)
FNDA:0,(anonymous_6)
FNDA:0,(anonymous_7)
FNDA:0,(anonymous_8)
FNDA:0,(anonymous_9)
FNDA:0,(anonymous_10)
FNDA:0,(anonymous_11)
FNDA:0,(anonymous_12)
FNDA:0,(anonymous_13)
FNDA:0,(anonymous_14)
FNDA:0,(anonymous_15)
FNDA:0,(anonymous_16)
FNDA:0,(anonymous_17)
FNDA:0,(anonymous_18)
FNDA:0,(anonymous_19)
FNDA:0,(anonymous_20)
FNDA:0,(anonymous_21)
FNDA:0,(anonymous_22)
FNDA:0,(anonymous_23)
FNDA:0,(anonymous_24)
FNDA:0,(anonymous_25)
FNDA:0,(anonymous_26)
DA:1,1
DA:2,1
DA:3,1
DA:4,1
DA:12,1
DA:13,1
DA:14,1
DA:15,1
DA:16,1
DA:19,0
DA:20,0
DA:21,0
DA:22,0
DA:23,0
DA:24,0
DA:30,0
DA:31,0
DA:32,0
DA:34,0
DA:35,0
DA:36,0
DA:39,0
DA:40,0
DA:41,0
DA:42,0
DA:43,0
DA:45,0
DA:46,0
DA:52,0
DA:53,0
DA:54,0
DA:55,0
DA:56,0
DA:57,0
DA:60,0
DA:61,0
DA:62,0
DA:63,0
DA:64,0
DA:65,0
DA:66,0
DA:67,0
DA:70,0
DA:71,0
DA:72,0
DA:75,0
DA:79,0
DA:80,0
DA:85,0
DA:88,0
DA:89,0
DA:94,0
DA:97,0
DA:98,0
DA:99,0
DA:102,0
DA:103,0
DA:109,0
DA:110,0
DA:111,0
DA:112,0
DA:115,0
DA:117,0
DA:122,0
DA:123,0
DA:129,0
DA:131,0
DA:135,0
DA:137,0
DA:138,0
DA:144,0
DA:150,0
DA:151,0
DA:152,0
DA:153,0
DA:159,0
DA:160,0
DA:161,0
DA:167,0
DA:168,0
DA:169,0
DA:175,0
DA:176,0
DA:177,0
DA:192,0
DA:195,0
DA:196,0
DA:206,0
DA:207,0
DA:221,0
DA:227,0
DA:228,0
DA:229,0
DA:241,0
DA:242,0
DA:247,0
DA:253,0
DA:255,0
DA:277,0
DA:283,0
DA:303,0
DA:327,0
DA:335,0
DA:341,1
LF:104
LH:10
BRDA:123,0,0,0
BRDA:123,0,1,0
BRDA:124,1,0,0
BRDA:124,1,1,0
BRDA:124,1,2,0
BRDA:124,1,3,0
BRDA:137,2,0,0
BRDA:137,3,0,0
BRDA:137,3,1,0
BRDA:159,4,0,0
BRDA:159,5,0,0
BRDA:159,5,1,0
BRDA:167,6,0,0
BRDA:167,7,0,0
BRDA:167,7,1,0
BRDA:175,8,0,0
BRDA:175,9,0,0
BRDA:175,9,1,0
BRDA:241,10,0,0
BRDA:268,11,0,0
BRDA:268,11,1,0
BRF:21
BRH:0
end_of_record
TN:
SF:src\components\organisms\user-profile-settings-role-section\UserProfileSettingsRoleSection.tsx
FN:9,UserProfileSettingsRoleSection
FN:34,(anonymous_2)
FN:44,(anonymous_3)
FN:77,(anonymous_4)
FNF:4
FNH:3
FNDA:9,UserProfileSettingsRoleSection
FNDA:1,(anonymous_2)
FNDA:1,(anonymous_3)
FNDA:0,(anonymous_4)
DA:1,1
DA:2,1
DA:3,1
DA:4,1
DA:5,1
DA:6,1
DA:7,1
DA:10,9
DA:11,9
DA:12,9
DA:13,9
DA:15,9
DA:34,1
DA:44,1
DA:78,0
DA:113,1
LF:16
LH:15
BRDA:19,0,0,9
BRDA:19,0,1,0
BRDA:64,1,0,0
BRDA:64,1,1,9
BRDA:72,2,0,9
BRDA:72,2,1,0
BRDA:93,3,0,9
BRDA:93,3,1,0
BRF:8
BRH:4
end_of_record
TN:
SF:src\services\api.ts
FN:11,(anonymous_1)
FN:18,(anonymous_2)
FN:24,(anonymous_3)
FN:29,(anonymous_4)
FN:36,(anonymous_5)
FN:42,(anonymous_6)
FN:47,(anonymous_7)
FN:54,(anonymous_8)
FN:60,(anonymous_9)
FN:65,(anonymous_10)
FN:71,(anonymous_11)
FN:77,(anonymous_12)
FNF:12
FNH:0
FNDA:0,(anonymous_1)
FNDA:0,(anonymous_2)
FNDA:0,(anonymous_3)
FNDA:0,(anonymous_4)
FNDA:0,(anonymous_5)
FNDA:0,(anonymous_6)
FNDA:0,(anonymous_7)
FNDA:0,(anonymous_8)
FNDA:0,(anonymous_9)
FNDA:0,(anonymous_10)
FNDA:0,(anonymous_11)
FNDA:0,(anonymous_12)
DA:1,1
DA:7,1
DA:11,1
DA:12,0
DA:19,0
DA:25,0
DA:29,1
DA:30,0
DA:37,0
DA:43,0
DA:47,1
DA:48,0
DA:55,0
DA:61,0
DA:65,1
DA:66,0
DA:72,0
DA:78,0
LF:18
LH:6
BRDA:8,0,0,1
BRDA:8,0,1,1
BRF:2
BRH:2
end_of_record
TN:
SF:src\services\interceptor.ts
FN:11,(anonymous_1)
FN:14,(anonymous_2)
FN:35,(anonymous_3)
FN:36,(anonymous_4)
FNF:4
FNH:0
FNDA:0,(anonymous_1)
FNDA:0,(anonymous_2)
FNDA:0,(anonymous_3)
FNDA:0,(anonymous_4)
DA:1,1
DA:4,1
DA:7,1
DA:8,1
DA:9,1
DA:10,1
DA:12,0
DA:16,0
DA:20,0
DA:21,0
DA:23,0
DA:29,1
DA:30,1
DA:31,1
DA:32,1
DA:34,1
DA:35,0
DA:37,0
DA:40,0
DA:41,0
DA:43,0
DA:47,1
DA:48,1
LF:23
LH:13
BRDA:16,0,0,0
BRDA:20,1,0,0
BRDA:37,2,0,0
BRDA:40,3,0,0
BRF:4
BRH:0
end_of_record
TN:
SF:src\services\users.ts
FN:3,(anonymous_0)
FNF:1
FNH:0
FNDA:0,(anonymous_0)
DA:1,1
DA:3,1
DA:4,0
LF:3
LH:2
BRF:0
BRH:0
end_of_record
TN:
SF:src\store\index.ts
FNF:0
FNH:0
DA:1,1
DA:2,1
DA:3,1
DA:4,1
DA:5,1
DA:7,1
DA:16,1
DA:17,1
DA:18,1
DA:19,1
LF:10
LH:10
BRF:0
BRH:0
end_of_record
TN:
SF:src\store\slice\geographicalInformationSlice.ts
FN:37,(anonymous_0)
FN:38,(anonymous_1)
FN:41,(anonymous_2)
FN:45,(anonymous_3)
FN:50,(anonymous_4)
FN:53,(anonymous_5)
FN:57,(anonymous_6)
FN:62,(anonymous_7)
FN:65,(anonymous_8)
FN:69,(anonymous_9)
FN:74,(anonymous_10)
FN:77,(anonymous_11)
FN:81,(anonymous_12)
FNF:13
FNH:1
FNDA:1,(anonymous_0)
FNDA:0,(anonymous_1)
FNDA:0,(anonymous_2)
FNDA:0,(anonymous_3)
FNDA:0,(anonymous_4)
FNDA:0,(anonymous_5)
FNDA:0,(anonymous_6)
FNDA:0,(anonymous_7)
FNDA:0,(anonymous_8)
FNDA:0,(anonymous_9)
FNDA:0,(anonymous_10)
FNDA:0,(anonymous_11)
FNDA:0,(anonymous_12)
DA:1,1
DA:2,1
DA:21,1
DA:33,1
DA:38,1
DA:39,0
DA:41,1
DA:42,0
DA:43,0
DA:45,1
DA:46,0
DA:47,0
DA:50,1
DA:51,0
DA:53,1
DA:54,0
DA:55,0
DA:57,1
DA:58,0
DA:59,0
DA:62,1
DA:63,0
DA:65,1
DA:66,0
DA:67,0
DA:69,1
DA:70,0
DA:71,0
DA:74,1
DA:75,0
DA:77,1
DA:78,0
DA:79,0
DA:81,1
DA:82,0
DA:83,0
DA:88,1
LF:37
LH:17
BRF:0
BRH:0
end_of_record
TN:
SF:src\store\slice\lastRefreshDateSlice.ts
FN:29,(anonymous_0)
FN:30,(anonymous_1)
FN:33,(anonymous_2)
FN:37,(anonymous_3)
FNF:4
FNH:1
FNDA:1,(anonymous_0)
FNDA:0,(anonymous_1)
FNDA:0,(anonymous_2)
FNDA:0,(anonymous_3)
DA:1,1
DA:2,1
DA:11,1
DA:25,1
DA:30,1
DA:31,0
DA:33,1
DA:34,0
DA:35,0
DA:37,1
DA:38,0
DA:39,0
DA:44,1
LF:13
LH:8
BRF:0
BRH:0
end_of_record
TN:
SF:src\store\slice\profilePictureSlice.ts
FN:21,(anonymous_0)
FN:27,(anonymous_1)
FN:29,(anonymous_2)
FN:33,(anonymous_3)
FN:37,(anonymous_4)
FNF:5
FNH:1
FNDA:0,(anonymous_0)
FNDA:1,(anonymous_1)
FNDA:0,(anonymous_2)
FNDA:0,(anonymous_3)
FNDA:0,(anonymous_4)
DA:1,1
DA:3,1
DA:11,1
DA:17,1
DA:22,0
DA:23,0
DA:24,0
DA:28,1
DA:30,0
DA:31,0
DA:34,0
DA:35,0
DA:38,0
DA:39,0
DA:44,1
DA:46,1
LF:16
LH:7
BRDA:39,0,0,0
BRDA:39,0,1,0
BRF:2
BRH:0
end_of_record
TN:
SF:src\store\slice\roleFunctionsSlice.ts
FN:41,(anonymous_0)
FN:45,(anonymous_1)
FN:46,(anonymous_2)
FN:49,(anonymous_3)
FN:53,(anonymous_4)
FN:58,(anonymous_5)
FN:61,(anonymous_6)
FN:65,(anonymous_7)
FN:70,(anonymous_8)
FN:73,(anonymous_9)
FN:77,(anonymous_10)
FN:82,(anonymous_11)
FN:85,(anonymous_12)
FN:89,(anonymous_13)
FN:94,(anonymous_14)
FN:97,(anonymous_15)
FN:101,(anonymous_16)
FNF:17
FNH:1
FNDA:0,(anonymous_0)
FNDA:1,(anonymous_1)
FNDA:0,(anonymous_2)
FNDA:0,(anonymous_3)
FNDA:0,(anonymous_4)
FNDA:0,(anonymous_5)
FNDA:0,(anonymous_6)
FNDA:0,(anonymous_7)
FNDA:0,(anonymous_8)
FNDA:0,(anonymous_9)
FNDA:0,(anonymous_10)
FNDA:0,(anonymous_11)
FNDA:0,(anonymous_12)
FNDA:0,(anonymous_13)
FNDA:0,(anonymous_14)
FNDA:0,(anonymous_15)
FNDA:0,(anonymous_16)
DA:1,1
DA:2,1
DA:27,1
DA:37,1
DA:42,0
DA:46,1
DA:47,0
DA:49,1
DA:50,0
DA:51,0
DA:53,1
DA:54,0
DA:55,0
DA:58,1
DA:59,0
DA:61,1
DA:62,0
DA:63,0
DA:65,1
DA:66,0
DA:67,0
DA:70,1
DA:71,0
DA:73,1
DA:74,0
DA:75,0
DA:77,1
DA:78,0
DA:79,0
DA:82,1
DA:83,0
DA:85,1
DA:86,0
DA:87,0
DA:89,1
DA:90,0
DA:91,0
DA:94,1
DA:95,0
DA:97,1
DA:98,0
DA:99,0
DA:101,1
DA:102,0
DA:103,0
DA:107,1
DA:108,1
LF:47
LH:21
BRF:0
BRH:0
end_of_record
TN:
SF:src\store\thunks\fetchGeographicalInformation.ts
FN:4,(anonymous_0)
FN:11,(anonymous_1)
FN:19,(anonymous_2)
FN:27,(anonymous_3)
FNF:4
FNH:0
FNDA:0,(anonymous_0)
FNDA:0,(anonymous_1)
FNDA:0,(anonymous_2)
FNDA:0,(anonymous_3)
DA:1,1
DA:2,1
DA:4,1
DA:5,0
DA:6,0
DA:9,1
DA:12,0
DA:13,0
DA:17,1
DA:20,0
DA:21,0
DA:25,1
DA:28,0
DA:29,0
DA:34,1
DA:35,1
DA:36,1
DA:37,1
LF:18
LH:10
BRF:0
BRH:0
end_of_record
TN:
SF:src\store\thunks\fetchLastRefreshDate.ts
FN:4,(anonymous_0)
FNF:1
FNH:0
FNDA:0,(anonymous_0)
DA:1,1
DA:2,1
DA:4,1
DA:5,0
DA:6,0
DA:9,1
LF:6
LH:4
BRF:0
BRH:0
end_of_record
TN:
SF:src\store\thunks\fetchProfilePicture.ts
FN:5,(anonymous_0)
FNF:1
FNH:0
FNDA:0,(anonymous_0)
DA:1,1
DA:3,1
DA:6,0
DA:7,0
DA:9,0
DA:17,0
DA:18,0
DA:21,0
DA:22,0
DA:23,0
DA:27,1
LF:11
LH:3
BRDA:17,0,0,0
BRF:1
BRH:0
end_of_record
TN:
SF:src\store\thunks\fetchRoleFunctions.ts
FN:4,(anonymous_0)
FN:11,(anonymous_1)
FN:17,(anonymous_2)
FN:24,(anonymous_3)
FN:30,(anonymous_4)
FNF:5
FNH:0
FNDA:0,(anonymous_0)
FNDA:0,(anonymous_1)
FNDA:0,(anonymous_2)
FNDA:0,(anonymous_3)
FNDA:0,(anonymous_4)
DA:1,1
DA:2,1
DA:4,1
DA:5,0
DA:6,0
DA:9,1
DA:12,0
DA:13,0
DA:17,1
DA:18,0
DA:19,0
DA:22,1
DA:25,0
DA:26,0
DA:30,1
DA:31,0
DA:32,0
DA:36,1
DA:37,1
DA:38,1
DA:39,1
DA:40,1
LF:22
LH:12
BRF:0
BRH:0
end_of_record
TN:
SF:src\utils\constants.ts
FN:3,(anonymous_0)
FNF:1
FNH:1
FNDA:1,(anonymous_0)
DA:1,1
DA:3,1
DA:4,1
DA:5,1
DA:6,1
DA:7,1
DA:10,1
DA:12,1
DA:14,1
DA:15,1
DA:16,1
DA:17,1
DA:18,1
DA:20,1
DA:37,1
DA:39,1
DA:40,1
DA:42,1
LF:18
LH:18
BRDA:3,0,0,1
BRDA:3,0,1,1
BRF:2
BRH:2
end_of_record
TN:
SF:src\utils\helpers.ts
FN:16,(anonymous_1)
FN:18,(anonymous_2)
FN:35,(anonymous_3)
FN:40,(anonymous_4)
FN:42,(anonymous_5)
FN:43,(anonymous_6)
FN:50,(anonymous_7)
FN:56,(anonymous_8)
FN:62,checkDeepEqualityOfObjects
FN:68,(anonymous_10)
FN:75,(anonymous_11)
FN:87,(anonymous_12)
FN:93,(anonymous_13)
FN:98,(anonymous_14)
FN:103,(anonymous_15)
FN:104,(anonymous_16)
FN:107,(anonymous_17)
FN:110,(anonymous_18)
FN:124,formatLastRefreshedDate
FN:136,getUserNameInitials
FN:141,(anonymous_21)
FNF:21
FNH:0
FNDA:0,(anonymous_1)
FNDA:0,(anonymous_2)
FNDA:0,(anonymous_3)
FNDA:0,(anonymous_4)
FNDA:0,(anonymous_5)
FNDA:0,(anonymous_6)
FNDA:0,(anonymous_7)
FNDA:0,(anonymous_8)
FNDA:0,checkDeepEqualityOfObjects
FNDA:0,(anonymous_10)
FNDA:0,(anonymous_11)
FNDA:0,(anonymous_12)
FNDA:0,(anonymous_13)
FNDA:0,(anonymous_14)
FNDA:0,(anonymous_15)
FNDA:0,(anonymous_16)
FNDA:0,(anonymous_17)
FNDA:0,(anonymous_18)
FNDA:0,formatLastRefreshedDate
FNDA:0,getUserNameInitials
FNDA:0,(anonymous_21)
DA:2,1
DA:3,1
DA:10,1
DA:11,1
DA:13,1
DA:16,1
DA:17,0
DA:18,0
DA:19,0
DA:20,0
DA:25,0
DA:31,0
DA:35,1
DA:36,0
DA:40,1
DA:41,0
DA:42,0
DA:43,0
DA:46,0
DA:50,1
DA:51,0
DA:52,0
DA:56,1
DA:57,0
DA:58,0
DA:62,1
DA:63,0
DA:64,0
DA:65,0
DA:66,0
DA:69,0
DA:75,1
DA:76,0
DA:77,0
DA:78,0
DA:79,0
DA:80,0
DA:82,0
DA:87,1
DA:88,0
DA:89,0
DA:93,1
DA:94,0
DA:98,1
DA:99,0
DA:103,1
DA:104,0
DA:105,0
DA:107,0
DA:111,0
DA:112,0
DA:113,0
DA:120,0
DA:124,1
DA:125,0
DA:126,0
DA:128,0
DA:129,0
DA:131,0
DA:136,1
DA:137,0
DA:138,0
DA:141,0
LF:63
LH:18
BRDA:19,0,0,0
BRDA:19,0,1,0
BRDA:36,1,0,0
BRDA:36,1,1,0
BRDA:42,2,0,0
BRDA:42,2,1,0
BRDA:46,3,0,0
BRDA:46,3,1,0
BRDA:66,4,0,0
BRDA:66,4,1,0
BRDA:66,5,0,0
BRDA:66,5,1,0
BRDA:66,5,2,0
BRDA:66,5,3,0
BRDA:67,6,0,0
BRDA:67,6,1,0
BRDA:77,7,0,0
BRDA:77,7,1,0
BRDA:79,8,0,0
BRDA:79,8,1,0
BRDA:111,9,0,0
BRDA:112,10,0,0
BRDA:128,11,0,0
BRDA:128,11,1,0
BRDA:139,12,0,0
BRDA:139,12,1,0
BRDA:141,13,0,0
BRDA:141,13,1,0
BRF:28
BRH:0
end_of_record
